{"uuid":"123a43e2-5498-4763-8dd4-1ccdf2f09416","historyId":"177563ced1abb4e387b4435d86d64950","fullName":"Linked List: User click on Try Here button and enter valid and invalid python code in tryEditor for LinkedList","labels":[{"name":"host","value":"RamuKaka"},{"name":"thread","value":"18264@RamuKaka.main(1)"},{"name":"feature","value":"Linked List"},{"name":"story","value":"User click on Try Here button and enter valid and invalid python code in tryEditor for LinkedList"},{"name":"suite","value":"Linked List"},{"name":"testClass","value":"User click on Try Here button and enter valid and invalid python code in tryEditor for LinkedList"},{"name":"framework","value":"cucumber4jvm"},{"name":"language","value":"java"},{"name":"gherkin_uri","value":"file:///C:/Users/tusha/eclipse-workspace/DS_Algo_CucumberBDD/src/test/resources/Features/07linkedList.feature"},{"name":"package","value":"src.test.resources.Features.07linkedList_feature.Linked List"}],"links":[],"name":"User click on Try Here button and enter valid and invalid python code in tryEditor for LinkedList","status":"broken","statusDetails":{"known":false,"muted":false,"flaky":false,"message":"element not interactable\n  (Session info: chrome=113.0.5672.93)\nBuild info: version: '4.8.3', revision: 'e5e76298c3'\nSystem info: os.name: 'Windows 11', os.arch: 'amd64', os.version: '10.0', java.version: '19.0.2'\nDriver info: org.openqa.selenium.chrome.ChromeDriver\nCommand: [f3bf7aff4314633c1c542be12460731c, sendKeysToElement {id=2F96F78DE9D2ABB0A9C1FDCF98A0974F_element_344, value=[Ljava.lang.CharSequence;@3966c679}]\nCapabilities {acceptInsecureCerts: false, browserName: chrome, browserVersion: 113.0.5672.93, chrome: {chromedriverVersion: 113.0.5672.63 (0e1a4471d5ae..., userDataDir: C:\\Users\\tusha\\AppData\\Loca...}, goog:chromeOptions: {debuggerAddress: localhost:60310}, networkConnectionEnabled: false, pageLoadStrategy: normal, platformName: WINDOWS, proxy: Proxy(), se:cdp: ws://localhost:60310/devtoo..., se:cdpVersion: 113.0.5672.93, setWindowRect: true, strictFileInteractability: false, timeouts: {implicit: 0, pageLoad: 300000, script: 30000}, unhandledPromptBehavior: dismiss and notify, webauthn:extension:credBlob: true, webauthn:extension:largeBlob: true, webauthn:extension:minPinLength: true, webauthn:extension:prf: true, webauthn:virtualAuthenticators: true}\nElement: [[ChromeDriver: chrome on WINDOWS (f3bf7aff4314633c1c542be12460731c)] -> xpath: //form[@id='answer_form']/div/div/div/textarea]\nSession ID: f3bf7aff4314633c1c542be12460731c","trace":"org.openqa.selenium.ElementNotInteractableException: element not interactable\n  (Session info: chrome=113.0.5672.93)\nBuild info: version: '4.8.3', revision: 'e5e76298c3'\nSystem info: os.name: 'Windows 11', os.arch: 'amd64', os.version: '10.0', java.version: '19.0.2'\nDriver info: org.openqa.selenium.chrome.ChromeDriver\nCommand: [f3bf7aff4314633c1c542be12460731c, sendKeysToElement {id=2F96F78DE9D2ABB0A9C1FDCF98A0974F_element_344, value=[Ljava.lang.CharSequence;@3966c679}]\nCapabilities {acceptInsecureCerts: false, browserName: chrome, browserVersion: 113.0.5672.93, chrome: {chromedriverVersion: 113.0.5672.63 (0e1a4471d5ae..., userDataDir: C:\\Users\\tusha\\AppData\\Loca...}, goog:chromeOptions: {debuggerAddress: localhost:60310}, networkConnectionEnabled: false, pageLoadStrategy: normal, platformName: WINDOWS, proxy: Proxy(), se:cdp: ws://localhost:60310/devtoo..., se:cdpVersion: 113.0.5672.93, setWindowRect: true, strictFileInteractability: false, timeouts: {implicit: 0, pageLoad: 300000, script: 30000}, unhandledPromptBehavior: dismiss and notify, webauthn:extension:credBlob: true, webauthn:extension:largeBlob: true, webauthn:extension:minPinLength: true, webauthn:extension:prf: true, webauthn:virtualAuthenticators: true}\nElement: [[ChromeDriver: chrome on WINDOWS (f3bf7aff4314633c1c542be12460731c)] -> xpath: //form[@id='answer_form']/div/div/div/textarea]\nSession ID: f3bf7aff4314633c1c542be12460731c\r\n\tat java.base/jdk.internal.reflect.DirectConstructorHandleAccessor.newInstance(DirectConstructorHandleAccessor.java:67)\r\n\tat java.base/java.lang.reflect.Constructor.newInstanceWithCaller(Constructor.java:500)\r\n\tat java.base/java.lang.reflect.Constructor.newInstance(Constructor.java:484)\r\n\tat org.openqa.selenium.remote.codec.w3c.W3CHttpResponseCodec.createException(W3CHttpResponseCodec.java:200)\r\n\tat org.openqa.selenium.remote.codec.w3c.W3CHttpResponseCodec.decode(W3CHttpResponseCodec.java:133)\r\n\tat org.openqa.selenium.remote.codec.w3c.W3CHttpResponseCodec.decode(W3CHttpResponseCodec.java:53)\r\n\tat org.openqa.selenium.remote.HttpCommandExecutor.execute(HttpCommandExecutor.java:193)\r\n\tat org.openqa.selenium.remote.service.DriverCommandExecutor.invokeExecute(DriverCommandExecutor.java:183)\r\n\tat org.openqa.selenium.remote.service.DriverCommandExecutor.execute(DriverCommandExecutor.java:158)\r\n\tat org.openqa.selenium.remote.RemoteWebDriver.execute(RemoteWebDriver.java:543)\r\n\tat org.openqa.selenium.remote.RemoteWebElement.execute(RemoteWebElement.java:257)\r\n\tat org.openqa.selenium.remote.RemoteWebElement.sendKeys(RemoteWebElement.java:113)\r\n\tat java.base/jdk.internal.reflect.DirectMethodHandleAccessor.invoke(DirectMethodHandleAccessor.java:104)\r\n\tat java.base/java.lang.reflect.Method.invoke(Method.java:578)\r\n\tat org.openqa.selenium.support.pagefactory.internal.LocatingElementHandler.invoke(LocatingElementHandler.java:52)\r\n\tat jdk.proxy2/jdk.proxy2.$Proxy28.sendKeys(Unknown Source)\r\n\tat pageObjects.linkedListPagePOM.tryEditorValidPythonCode(linkedListPagePOM.java:141)\r\n\tat pageObjects.linkedListPagePOM.linkedListPagePythonCodeValidationAndRun(linkedListPagePOM.java:129)\r\n\tat stepDefinitions.linkedListSteps.user_enter_valid_python_code_in_try_editor_from_for_for_linked_list_topic_and_click_run_button(linkedListSteps.java:56)\r\n\tat ✽.User Enter valid Python code in tryEditor from  \"print 'Linked List Traversal'\" for for LinkedList topic and click Run button(file:///C:/Users/tusha/eclipse-workspace/DS_Algo_CucumberBDD/src/test/resources/Features/07linkedList.feature:18)\r\n"},"stage":"finished","steps":[{"name":"When  User click \"Traversal\" to select topics covered on Link List page","status":"passed","statusDetails":{"known":false,"muted":false,"flaky":false},"stage":"finished","steps":[],"attachments":[],"parameters":[],"start":1684169110223,"stop":1684169112819},{"name":"When  User clicks Try Here button in the  Linked List of selected topic page","status":"passed","statusDetails":{"known":false,"muted":false,"flaky":false},"stage":"finished","steps":[],"attachments":[],"parameters":[],"start":1684169112819,"stop":1684169113341},{"name":"Then  User should be redirected tryEditor page title as \"Assessment\" with a Run button to test Python code","status":"passed","statusDetails":{"known":false,"muted":false,"flaky":false},"stage":"finished","steps":[],"attachments":[],"parameters":[],"start":1684169113341,"stop":1684169113365},{"name":"When  User Enter valid Python code in tryEditor from  \"print 'Linked List Traversal'\" for for LinkedList topic and click Run button","status":"broken","statusDetails":{"known":false,"muted":false,"flaky":false,"message":"element not interactable\n  (Session info: chrome=113.0.5672.93)\nBuild info: version: '4.8.3', revision: 'e5e76298c3'\nSystem info: os.name: 'Windows 11', os.arch: 'amd64', os.version: '10.0', java.version: '19.0.2'\nDriver info: org.openqa.selenium.chrome.ChromeDriver\nCommand: [f3bf7aff4314633c1c542be12460731c, sendKeysToElement {id=2F96F78DE9D2ABB0A9C1FDCF98A0974F_element_344, value=[Ljava.lang.CharSequence;@3966c679}]\nCapabilities {acceptInsecureCerts: false, browserName: chrome, browserVersion: 113.0.5672.93, chrome: {chromedriverVersion: 113.0.5672.63 (0e1a4471d5ae..., userDataDir: C:\\Users\\tusha\\AppData\\Loca...}, goog:chromeOptions: {debuggerAddress: localhost:60310}, networkConnectionEnabled: false, pageLoadStrategy: normal, platformName: WINDOWS, proxy: Proxy(), se:cdp: ws://localhost:60310/devtoo..., se:cdpVersion: 113.0.5672.93, setWindowRect: true, strictFileInteractability: false, timeouts: {implicit: 0, pageLoad: 300000, script: 30000}, unhandledPromptBehavior: dismiss and notify, webauthn:extension:credBlob: true, webauthn:extension:largeBlob: true, webauthn:extension:minPinLength: true, webauthn:extension:prf: true, webauthn:virtualAuthenticators: true}\nElement: [[ChromeDriver: chrome on WINDOWS (f3bf7aff4314633c1c542be12460731c)] -> xpath: //form[@id='answer_form']/div/div/div/textarea]\nSession ID: f3bf7aff4314633c1c542be12460731c","trace":"org.openqa.selenium.ElementNotInteractableException: element not interactable\n  (Session info: chrome=113.0.5672.93)\nBuild info: version: '4.8.3', revision: 'e5e76298c3'\nSystem info: os.name: 'Windows 11', os.arch: 'amd64', os.version: '10.0', java.version: '19.0.2'\nDriver info: org.openqa.selenium.chrome.ChromeDriver\nCommand: [f3bf7aff4314633c1c542be12460731c, sendKeysToElement {id=2F96F78DE9D2ABB0A9C1FDCF98A0974F_element_344, value=[Ljava.lang.CharSequence;@3966c679}]\nCapabilities {acceptInsecureCerts: false, browserName: chrome, browserVersion: 113.0.5672.93, chrome: {chromedriverVersion: 113.0.5672.63 (0e1a4471d5ae..., userDataDir: C:\\Users\\tusha\\AppData\\Loca...}, goog:chromeOptions: {debuggerAddress: localhost:60310}, networkConnectionEnabled: false, pageLoadStrategy: normal, platformName: WINDOWS, proxy: Proxy(), se:cdp: ws://localhost:60310/devtoo..., se:cdpVersion: 113.0.5672.93, setWindowRect: true, strictFileInteractability: false, timeouts: {implicit: 0, pageLoad: 300000, script: 30000}, unhandledPromptBehavior: dismiss and notify, webauthn:extension:credBlob: true, webauthn:extension:largeBlob: true, webauthn:extension:minPinLength: true, webauthn:extension:prf: true, webauthn:virtualAuthenticators: true}\nElement: [[ChromeDriver: chrome on WINDOWS (f3bf7aff4314633c1c542be12460731c)] -> xpath: //form[@id='answer_form']/div/div/div/textarea]\nSession ID: f3bf7aff4314633c1c542be12460731c\r\n\tat java.base/jdk.internal.reflect.DirectConstructorHandleAccessor.newInstance(DirectConstructorHandleAccessor.java:67)\r\n\tat java.base/java.lang.reflect.Constructor.newInstanceWithCaller(Constructor.java:500)\r\n\tat java.base/java.lang.reflect.Constructor.newInstance(Constructor.java:484)\r\n\tat org.openqa.selenium.remote.codec.w3c.W3CHttpResponseCodec.createException(W3CHttpResponseCodec.java:200)\r\n\tat org.openqa.selenium.remote.codec.w3c.W3CHttpResponseCodec.decode(W3CHttpResponseCodec.java:133)\r\n\tat org.openqa.selenium.remote.codec.w3c.W3CHttpResponseCodec.decode(W3CHttpResponseCodec.java:53)\r\n\tat org.openqa.selenium.remote.HttpCommandExecutor.execute(HttpCommandExecutor.java:193)\r\n\tat org.openqa.selenium.remote.service.DriverCommandExecutor.invokeExecute(DriverCommandExecutor.java:183)\r\n\tat org.openqa.selenium.remote.service.DriverCommandExecutor.execute(DriverCommandExecutor.java:158)\r\n\tat org.openqa.selenium.remote.RemoteWebDriver.execute(RemoteWebDriver.java:543)\r\n\tat org.openqa.selenium.remote.RemoteWebElement.execute(RemoteWebElement.java:257)\r\n\tat org.openqa.selenium.remote.RemoteWebElement.sendKeys(RemoteWebElement.java:113)\r\n\tat java.base/jdk.internal.reflect.DirectMethodHandleAccessor.invoke(DirectMethodHandleAccessor.java:104)\r\n\tat java.base/java.lang.reflect.Method.invoke(Method.java:578)\r\n\tat org.openqa.selenium.support.pagefactory.internal.LocatingElementHandler.invoke(LocatingElementHandler.java:52)\r\n\tat jdk.proxy2/jdk.proxy2.$Proxy28.sendKeys(Unknown Source)\r\n\tat pageObjects.linkedListPagePOM.tryEditorValidPythonCode(linkedListPagePOM.java:141)\r\n\tat pageObjects.linkedListPagePOM.linkedListPagePythonCodeValidationAndRun(linkedListPagePOM.java:129)\r\n\tat stepDefinitions.linkedListSteps.user_enter_valid_python_code_in_try_editor_from_for_for_linked_list_topic_and_click_run_button(linkedListSteps.java:56)\r\n\tat ✽.User Enter valid Python code in tryEditor from  \"print 'Linked List Traversal'\" for for LinkedList topic and click Run button(file:///C:/Users/tusha/eclipse-workspace/DS_Algo_CucumberBDD/src/test/resources/Features/07linkedList.feature:18)\r\n"},"stage":"finished","steps":[],"attachments":[],"parameters":[],"start":1684169113365,"stop":1684169115510},{"name":"Then  User should be presented with the Run output for valid Python code and Message for for LinkedList Page","status":"skipped","statusDetails":{"known":false,"muted":false,"flaky":false},"stage":"finished","steps":[],"attachments":[],"parameters":[],"start":1684169115510,"stop":1684169115510},{"name":"When  User Enter Invalid Python code in tryEditor from  \"error LinkedList Traversal\" for for LinkedList topic and click Run button","status":"skipped","statusDetails":{"known":false,"muted":false,"flaky":false},"stage":"finished","steps":[],"attachments":[],"parameters":[],"start":1684169115510,"stop":1684169115510},{"name":"Then  User should be presented with alert and no runOutput for Invalid Python code for LinkedList Page","status":"skipped","statusDetails":{"known":false,"muted":false,"flaky":false},"stage":"finished","steps":[],"attachments":[],"parameters":[],"start":1684169115510,"stop":1684169115510},{"name":"And  User navigate back to LinkedList page of selected topic","status":"skipped","statusDetails":{"known":false,"muted":false,"flaky":false},"stage":"finished","steps":[],"attachments":[],"parameters":[],"start":1684169115510,"stop":1684169115518}],"attachments":[],"parameters":[{"name":"option","value":"Traversal"},{"name":"ValidPythoncode","value":"print 'Linked List Traversal'"},{"name":"InValidPythoncode","value":"error LinkedList Traversal"}],"start":1684169110223,"stop":1684169115811}