{"uuid":"4e194d0c-fa0b-469d-96e4-cb7a6e60f3fa","historyId":"7ffccaf93c035646a932aecc7d27bc78","fullName":"Tree: User click on Try Here button and enter valid and invalid python code in tryEditor for Tree","labels":[{"name":"host","value":"RamuKaka"},{"name":"thread","value":"15584@RamuKaka.main(1)"},{"name":"feature","value":"Tree"},{"name":"story","value":"User click on Try Here button and enter valid and invalid python code in tryEditor for Tree"},{"name":"suite","value":"Tree"},{"name":"testClass","value":"User click on Try Here button and enter valid and invalid python code in tryEditor for Tree"},{"name":"framework","value":"cucumber4jvm"},{"name":"language","value":"java"},{"name":"gherkin_uri","value":"file:///C:/Users/tusha/eclipse-workspace/DS_Algo_CucumberBDD/src/test/resources/Features/10Tree.feature"},{"name":"package","value":"src.test.resources.Features.10Tree_feature.Tree"}],"links":[],"name":"User click on Try Here button and enter valid and invalid python code in tryEditor for Tree","status":"broken","statusDetails":{"known":false,"muted":false,"flaky":false,"message":"no such element: Unable to locate element: {\"method\":\"xpath\",\"selector\":\"//a[text()='Traversals-Illustration']\"}\n  (Session info: chrome=113.0.5672.93)\nFor documentation on this error, please visit: https://selenium.dev/exceptions/#no_such_element\nBuild info: version: '4.8.3', revision: 'e5e76298c3'\nSystem info: os.name: 'Windows 11', os.arch: 'amd64', os.version: '10.0', java.version: '19.0.2'\nDriver info: org.openqa.selenium.chrome.ChromeDriver\nCommand: [623c03ae3fa069ffe56437b483c4296e, findElement {using=xpath, value=//a[text()='Traversals-Illustration']}]\nCapabilities {acceptInsecureCerts: false, browserName: chrome, browserVersion: 113.0.5672.93, chrome: {chromedriverVersion: 113.0.5672.63 (0e1a4471d5ae..., userDataDir: C:\\Users\\tusha\\AppData\\Loca...}, goog:chromeOptions: {debuggerAddress: localhost:59743}, networkConnectionEnabled: false, pageLoadStrategy: normal, platformName: WINDOWS, proxy: Proxy(), se:cdp: ws://localhost:59743/devtoo..., se:cdpVersion: 113.0.5672.93, setWindowRect: true, strictFileInteractability: false, timeouts: {implicit: 0, pageLoad: 300000, script: 30000}, unhandledPromptBehavior: dismiss and notify, webauthn:extension:credBlob: true, webauthn:extension:largeBlob: true, webauthn:extension:minPinLength: true, webauthn:extension:prf: true, webauthn:virtualAuthenticators: true}\nSession ID: 623c03ae3fa069ffe56437b483c4296e","trace":"org.openqa.selenium.NoSuchElementException: no such element: Unable to locate element: {\"method\":\"xpath\",\"selector\":\"//a[text()='Traversals-Illustration']\"}\n  (Session info: chrome=113.0.5672.93)\nFor documentation on this error, please visit: https://selenium.dev/exceptions/#no_such_element\nBuild info: version: '4.8.3', revision: 'e5e76298c3'\nSystem info: os.name: 'Windows 11', os.arch: 'amd64', os.version: '10.0', java.version: '19.0.2'\nDriver info: org.openqa.selenium.chrome.ChromeDriver\nCommand: [623c03ae3fa069ffe56437b483c4296e, findElement {using=xpath, value=//a[text()='Traversals-Illustration']}]\nCapabilities {acceptInsecureCerts: false, browserName: chrome, browserVersion: 113.0.5672.93, chrome: {chromedriverVersion: 113.0.5672.63 (0e1a4471d5ae..., userDataDir: C:\\Users\\tusha\\AppData\\Loca...}, goog:chromeOptions: {debuggerAddress: localhost:59743}, networkConnectionEnabled: false, pageLoadStrategy: normal, platformName: WINDOWS, proxy: Proxy(), se:cdp: ws://localhost:59743/devtoo..., se:cdpVersion: 113.0.5672.93, setWindowRect: true, strictFileInteractability: false, timeouts: {implicit: 0, pageLoad: 300000, script: 30000}, unhandledPromptBehavior: dismiss and notify, webauthn:extension:credBlob: true, webauthn:extension:largeBlob: true, webauthn:extension:minPinLength: true, webauthn:extension:prf: true, webauthn:virtualAuthenticators: true}\nSession ID: 623c03ae3fa069ffe56437b483c4296e\r\n\tat java.base/jdk.internal.reflect.DirectConstructorHandleAccessor.newInstance(DirectConstructorHandleAccessor.java:67)\r\n\tat java.base/java.lang.reflect.Constructor.newInstanceWithCaller(Constructor.java:500)\r\n\tat java.base/java.lang.reflect.Constructor.newInstance(Constructor.java:484)\r\n\tat org.openqa.selenium.remote.codec.w3c.W3CHttpResponseCodec.createException(W3CHttpResponseCodec.java:200)\r\n\tat org.openqa.selenium.remote.codec.w3c.W3CHttpResponseCodec.decode(W3CHttpResponseCodec.java:133)\r\n\tat org.openqa.selenium.remote.codec.w3c.W3CHttpResponseCodec.decode(W3CHttpResponseCodec.java:53)\r\n\tat org.openqa.selenium.remote.HttpCommandExecutor.execute(HttpCommandExecutor.java:193)\r\n\tat org.openqa.selenium.remote.service.DriverCommandExecutor.invokeExecute(DriverCommandExecutor.java:183)\r\n\tat org.openqa.selenium.remote.service.DriverCommandExecutor.execute(DriverCommandExecutor.java:158)\r\n\tat org.openqa.selenium.remote.RemoteWebDriver.execute(RemoteWebDriver.java:543)\r\n\tat org.openqa.selenium.remote.ElementLocation$ElementFinder$2.findElement(ElementLocation.java:162)\r\n\tat org.openqa.selenium.remote.ElementLocation.findElement(ElementLocation.java:60)\r\n\tat org.openqa.selenium.remote.RemoteWebDriver.findElement(RemoteWebDriver.java:352)\r\n\tat org.openqa.selenium.remote.RemoteWebDriver.findElement(RemoteWebDriver.java:344)\r\n\tat org.openqa.selenium.support.pagefactory.DefaultElementLocator.findElement(DefaultElementLocator.java:70)\r\n\tat org.openqa.selenium.support.pagefactory.internal.LocatingElementHandler.invoke(LocatingElementHandler.java:39)\r\n\tat jdk.proxy2/jdk.proxy2.$Proxy28.click(Unknown Source)\r\n\tat pageObjects.treePagePOM.TreeTopicCovered(treePagePOM.java:134)\r\n\tat stepDefinitions.treeSteps.user_click_to_select_topics_covered_on_tree_page(treeSteps.java:28)\r\n\tat ✽.User click \"Traversals-Illustration\" to select topics covered on Tree page(file:///C:/Users/tusha/eclipse-workspace/DS_Algo_CucumberBDD/src/test/resources/Features/10Tree.feature:24)\r\n"},"stage":"finished","steps":[{"name":"When  User click \"Traversals-Illustration\" to select topics covered on Tree page","status":"broken","statusDetails":{"known":false,"muted":false,"flaky":false,"message":"no such element: Unable to locate element: {\"method\":\"xpath\",\"selector\":\"//a[text()='Traversals-Illustration']\"}\n  (Session info: chrome=113.0.5672.93)\nFor documentation on this error, please visit: https://selenium.dev/exceptions/#no_such_element\nBuild info: version: '4.8.3', revision: 'e5e76298c3'\nSystem info: os.name: 'Windows 11', os.arch: 'amd64', os.version: '10.0', java.version: '19.0.2'\nDriver info: org.openqa.selenium.chrome.ChromeDriver\nCommand: [623c03ae3fa069ffe56437b483c4296e, findElement {using=xpath, value=//a[text()='Traversals-Illustration']}]\nCapabilities {acceptInsecureCerts: false, browserName: chrome, browserVersion: 113.0.5672.93, chrome: {chromedriverVersion: 113.0.5672.63 (0e1a4471d5ae..., userDataDir: C:\\Users\\tusha\\AppData\\Loca...}, goog:chromeOptions: {debuggerAddress: localhost:59743}, networkConnectionEnabled: false, pageLoadStrategy: normal, platformName: WINDOWS, proxy: Proxy(), se:cdp: ws://localhost:59743/devtoo..., se:cdpVersion: 113.0.5672.93, setWindowRect: true, strictFileInteractability: false, timeouts: {implicit: 0, pageLoad: 300000, script: 30000}, unhandledPromptBehavior: dismiss and notify, webauthn:extension:credBlob: true, webauthn:extension:largeBlob: true, webauthn:extension:minPinLength: true, webauthn:extension:prf: true, webauthn:virtualAuthenticators: true}\nSession ID: 623c03ae3fa069ffe56437b483c4296e","trace":"org.openqa.selenium.NoSuchElementException: no such element: Unable to locate element: {\"method\":\"xpath\",\"selector\":\"//a[text()='Traversals-Illustration']\"}\n  (Session info: chrome=113.0.5672.93)\nFor documentation on this error, please visit: https://selenium.dev/exceptions/#no_such_element\nBuild info: version: '4.8.3', revision: 'e5e76298c3'\nSystem info: os.name: 'Windows 11', os.arch: 'amd64', os.version: '10.0', java.version: '19.0.2'\nDriver info: org.openqa.selenium.chrome.ChromeDriver\nCommand: [623c03ae3fa069ffe56437b483c4296e, findElement {using=xpath, value=//a[text()='Traversals-Illustration']}]\nCapabilities {acceptInsecureCerts: false, browserName: chrome, browserVersion: 113.0.5672.93, chrome: {chromedriverVersion: 113.0.5672.63 (0e1a4471d5ae..., userDataDir: C:\\Users\\tusha\\AppData\\Loca...}, goog:chromeOptions: {debuggerAddress: localhost:59743}, networkConnectionEnabled: false, pageLoadStrategy: normal, platformName: WINDOWS, proxy: Proxy(), se:cdp: ws://localhost:59743/devtoo..., se:cdpVersion: 113.0.5672.93, setWindowRect: true, strictFileInteractability: false, timeouts: {implicit: 0, pageLoad: 300000, script: 30000}, unhandledPromptBehavior: dismiss and notify, webauthn:extension:credBlob: true, webauthn:extension:largeBlob: true, webauthn:extension:minPinLength: true, webauthn:extension:prf: true, webauthn:virtualAuthenticators: true}\nSession ID: 623c03ae3fa069ffe56437b483c4296e\r\n\tat java.base/jdk.internal.reflect.DirectConstructorHandleAccessor.newInstance(DirectConstructorHandleAccessor.java:67)\r\n\tat java.base/java.lang.reflect.Constructor.newInstanceWithCaller(Constructor.java:500)\r\n\tat java.base/java.lang.reflect.Constructor.newInstance(Constructor.java:484)\r\n\tat org.openqa.selenium.remote.codec.w3c.W3CHttpResponseCodec.createException(W3CHttpResponseCodec.java:200)\r\n\tat org.openqa.selenium.remote.codec.w3c.W3CHttpResponseCodec.decode(W3CHttpResponseCodec.java:133)\r\n\tat org.openqa.selenium.remote.codec.w3c.W3CHttpResponseCodec.decode(W3CHttpResponseCodec.java:53)\r\n\tat org.openqa.selenium.remote.HttpCommandExecutor.execute(HttpCommandExecutor.java:193)\r\n\tat org.openqa.selenium.remote.service.DriverCommandExecutor.invokeExecute(DriverCommandExecutor.java:183)\r\n\tat org.openqa.selenium.remote.service.DriverCommandExecutor.execute(DriverCommandExecutor.java:158)\r\n\tat org.openqa.selenium.remote.RemoteWebDriver.execute(RemoteWebDriver.java:543)\r\n\tat org.openqa.selenium.remote.ElementLocation$ElementFinder$2.findElement(ElementLocation.java:162)\r\n\tat org.openqa.selenium.remote.ElementLocation.findElement(ElementLocation.java:60)\r\n\tat org.openqa.selenium.remote.RemoteWebDriver.findElement(RemoteWebDriver.java:352)\r\n\tat org.openqa.selenium.remote.RemoteWebDriver.findElement(RemoteWebDriver.java:344)\r\n\tat org.openqa.selenium.support.pagefactory.DefaultElementLocator.findElement(DefaultElementLocator.java:70)\r\n\tat org.openqa.selenium.support.pagefactory.internal.LocatingElementHandler.invoke(LocatingElementHandler.java:39)\r\n\tat jdk.proxy2/jdk.proxy2.$Proxy28.click(Unknown Source)\r\n\tat pageObjects.treePagePOM.TreeTopicCovered(treePagePOM.java:134)\r\n\tat stepDefinitions.treeSteps.user_click_to_select_topics_covered_on_tree_page(treeSteps.java:28)\r\n\tat ✽.User click \"Traversals-Illustration\" to select topics covered on Tree page(file:///C:/Users/tusha/eclipse-workspace/DS_Algo_CucumberBDD/src/test/resources/Features/10Tree.feature:24)\r\n"},"stage":"finished","steps":[],"attachments":[],"parameters":[],"start":1684163949201,"stop":1684163951220},{"name":"When  User clicks Try Here button in the Tree of selected topic page","status":"skipped","statusDetails":{"known":false,"muted":false,"flaky":false},"stage":"finished","steps":[],"attachments":[],"parameters":[],"start":1684163951222,"stop":1684163951222},{"name":"Then  User should be redirected tryEditor page title as \"Assessment\" with a Run button to test Python code","status":"skipped","statusDetails":{"known":false,"muted":false,"flaky":false},"stage":"finished","steps":[],"attachments":[],"parameters":[],"start":1684163951222,"stop":1684163951222},{"name":"When  User Enter valid Python code in tryEditor from  \"print 'Traversals-Illustration'\" for Tree topic and click Run button","status":"skipped","statusDetails":{"known":false,"muted":false,"flaky":false},"stage":"finished","steps":[],"attachments":[],"parameters":[],"start":1684163951222,"stop":1684163951223},{"name":"Then  User should be presented with the Run output for valid Python code and Message for for Tree Page","status":"skipped","statusDetails":{"known":false,"muted":false,"flaky":false},"stage":"finished","steps":[],"attachments":[],"parameters":[],"start":1684163951223,"stop":1684163951224},{"name":"When  User Enter Invalid Python code in tryEditor from  \"error Traversals-Illustration\" for Tree topic and click Run button","status":"skipped","statusDetails":{"known":false,"muted":false,"flaky":false},"stage":"finished","steps":[],"attachments":[],"parameters":[],"start":1684163951224,"stop":1684163951224},{"name":"Then  User should be presented with alert and no runOutput for Invalid Python code for Tree Page","status":"skipped","statusDetails":{"known":false,"muted":false,"flaky":false},"stage":"finished","steps":[],"attachments":[],"parameters":[],"start":1684163951225,"stop":1684163951225},{"name":"And  User navigate back to Tree page of selected topic","status":"skipped","statusDetails":{"known":false,"muted":false,"flaky":false},"stage":"finished","steps":[],"attachments":[],"parameters":[],"start":1684163951225,"stop":1684163951225}],"attachments":[],"parameters":[{"name":"option","value":"Traversals-Illustration"},{"name":"ValidPythoncode","value":"print 'Traversals-Illustration'"},{"name":"InValidPythoncode","value":"error Traversals-Illustration"}],"start":1684163949199,"stop":1684163951466}