<?xml version="1.0" encoding="UTF-8"?>
<testng-results ignored="0" total="69" passed="69" failed="0" skipped="0">
  <reporter-output>
  </reporter-output>
  <suite started-at="2023-05-15T22:36:01 CDT" name="Default suite" finished-at="2023-05-15T22:42:41 CDT" duration-ms="400569">
    <groups>
      <group name="cucumber">
        <method signature="AbstractTestNGCucumberTests.runScenario(io.cucumber.testng.PickleWrapper,io.cucumber.testng.FeatureWrapper)[pri:0, instance:runner.testRunner@2438dcd]" name="runScenario" class="io.cucumber.testng.AbstractTestNGCucumberTests"/>
      </group> <!-- cucumber -->
    </groups>
    <test started-at="2023-05-15T22:36:01 CDT" name="Default test" finished-at="2023-05-15T22:42:41 CDT" duration-ms="400569">
      <class name="runner.testRunner">
        <test-method is-config="true" signature="setUpClass(org.testng.ITestContext)[pri:0, instance:runner.testRunner@2438dcd]" started-at="2023-05-15T22:36:01 CDT" name="setUpClass" finished-at="2023-05-15T22:36:02 CDT" duration-ms="1254" status="PASS">
          <params>
            <param index="0">
              <value>
                <![CDATA[org.testng.TestRunner@5259469d]]>
              </value>
            </param>
          </params>
          <reporter-output>
          </reporter-output>
        </test-method> <!-- setUpClass -->
        <test-method signature="runScenario(io.cucumber.testng.PickleWrapper,io.cucumber.testng.FeatureWrapper)[pri:0, instance:runner.testRunner@2438dcd]" started-at="2023-05-15T22:36:02 CDT" name="runScenario" description="Runs Cucumber Scenarios" data-provider="scenarios" finished-at="2023-05-15T22:36:10 CDT" duration-ms="7410" status="PASS">
          <params>
            <param index="0">
              <value>
                <![CDATA["User launch Start page of an dsalgo project"]]>
              </value>
            </param>
            <param index="1">
              <value>
                <![CDATA["Optional[GetStart Page]"]]>
              </value>
            </param>
          </params>
          <reporter-output>
          </reporter-output>
        </test-method> <!-- runScenario -->
        <test-method signature="runScenario(io.cucumber.testng.PickleWrapper,io.cucumber.testng.FeatureWrapper)[pri:0, instance:runner.testRunner@2438dcd]" started-at="2023-05-15T22:36:10 CDT" name="runScenario" description="Runs Cucumber Scenarios" data-provider="scenarios" finished-at="2023-05-15T22:36:14 CDT" duration-ms="4459" status="PASS">
          <params>
            <param index="0">
              <value>
                <![CDATA["User is on Home page and click getstarted link/dropbox on  home page without sign in"]]>
              </value>
            </param>
            <param index="1">
              <value>
                <![CDATA["Optional[Home Page]"]]>
              </value>
            </param>
          </params>
          <reporter-output>
          </reporter-output>
        </test-method> <!-- runScenario -->
        <test-method signature="runScenario(io.cucumber.testng.PickleWrapper,io.cucumber.testng.FeatureWrapper)[pri:0, instance:runner.testRunner@2438dcd]" started-at="2023-05-15T22:36:14 CDT" name="runScenario" description="Runs Cucumber Scenarios" data-provider="scenarios" finished-at="2023-05-15T22:36:18 CDT" duration-ms="3722" status="PASS">
          <params>
            <param index="0">
              <value>
                <![CDATA["User click register button on Home page"]]>
              </value>
            </param>
            <param index="1">
              <value>
                <![CDATA["Optional[Register Page validation]"]]>
              </value>
            </param>
          </params>
          <reporter-output>
          </reporter-output>
        </test-method> <!-- runScenario -->
        <test-method signature="runScenario(io.cucumber.testng.PickleWrapper,io.cucumber.testng.FeatureWrapper)[pri:0, instance:runner.testRunner@2438dcd]" started-at="2023-05-15T22:36:18 CDT" name="runScenario" description="Runs Cucumber Scenarios" data-provider="scenarios" finished-at="2023-05-15T22:36:20 CDT" duration-ms="1879" status="PASS">
          <params>
            <param index="0">
              <value>
                <![CDATA["User click register button with all fields blank"]]>
              </value>
            </param>
            <param index="1">
              <value>
                <![CDATA["Optional[Register Page validation]"]]>
              </value>
            </param>
          </params>
          <reporter-output>
          </reporter-output>
        </test-method> <!-- runScenario -->
        <test-method signature="runScenario(io.cucumber.testng.PickleWrapper,io.cucumber.testng.FeatureWrapper)[pri:0, instance:runner.testRunner@2438dcd]" started-at="2023-05-15T22:36:20 CDT" name="runScenario" description="Runs Cucumber Scenarios" data-provider="scenarios" finished-at="2023-05-15T22:36:22 CDT" duration-ms="1952" status="PASS">
          <params>
            <param index="0">
              <value>
                <![CDATA["User click on register button with Password field blank"]]>
              </value>
            </param>
            <param index="1">
              <value>
                <![CDATA["Optional[Register Page validation]"]]>
              </value>
            </param>
          </params>
          <reporter-output>
          </reporter-output>
        </test-method> <!-- runScenario -->
        <test-method signature="runScenario(io.cucumber.testng.PickleWrapper,io.cucumber.testng.FeatureWrapper)[pri:0, instance:runner.testRunner@2438dcd]" started-at="2023-05-15T22:36:22 CDT" name="runScenario" description="Runs Cucumber Scenarios" data-provider="scenarios" finished-at="2023-05-15T22:36:24 CDT" duration-ms="2085" status="PASS">
          <params>
            <param index="0">
              <value>
                <![CDATA["User click on register button with valid Username & Password and confirm Password field as blank"]]>
              </value>
            </param>
            <param index="1">
              <value>
                <![CDATA["Optional[Register Page validation]"]]>
              </value>
            </param>
          </params>
          <reporter-output>
          </reporter-output>
        </test-method> <!-- runScenario -->
        <test-method signature="runScenario(io.cucumber.testng.PickleWrapper,io.cucumber.testng.FeatureWrapper)[pri:0, instance:runner.testRunner@2438dcd]" started-at="2023-05-15T22:36:24 CDT" name="runScenario" description="Runs Cucumber Scenarios" data-provider="scenarios" finished-at="2023-05-15T22:36:28 CDT" duration-ms="4621" status="PASS">
          <params>
            <param index="0">
              <value>
                <![CDATA["The user is on Register Page and entered invalid user Details"]]>
              </value>
            </param>
            <param index="1">
              <value>
                <![CDATA["Optional[Register Page validation]"]]>
              </value>
            </param>
          </params>
          <reporter-output>
          </reporter-output>
        </test-method> <!-- runScenario -->
        <test-method signature="runScenario(io.cucumber.testng.PickleWrapper,io.cucumber.testng.FeatureWrapper)[pri:0, instance:runner.testRunner@2438dcd]" started-at="2023-05-15T22:36:28 CDT" name="runScenario" description="Runs Cucumber Scenarios" data-provider="scenarios" finished-at="2023-05-15T22:36:31 CDT" duration-ms="3195" status="PASS">
          <params>
            <param index="0">
              <value>
                <![CDATA["The user is on Register Page and entered invalid user Details"]]>
              </value>
            </param>
            <param index="1">
              <value>
                <![CDATA["Optional[Register Page validation]"]]>
              </value>
            </param>
          </params>
          <reporter-output>
          </reporter-output>
        </test-method> <!-- runScenario -->
        <test-method signature="runScenario(io.cucumber.testng.PickleWrapper,io.cucumber.testng.FeatureWrapper)[pri:0, instance:runner.testRunner@2438dcd]" started-at="2023-05-15T22:36:32 CDT" name="runScenario" description="Runs Cucumber Scenarios" data-provider="scenarios" finished-at="2023-05-15T22:36:35 CDT" duration-ms="3226" status="PASS">
          <params>
            <param index="0">
              <value>
                <![CDATA["The user is on Register Page and entered invalid user Details"]]>
              </value>
            </param>
            <param index="1">
              <value>
                <![CDATA["Optional[Register Page validation]"]]>
              </value>
            </param>
          </params>
          <reporter-output>
          </reporter-output>
        </test-method> <!-- runScenario -->
        <test-method signature="runScenario(io.cucumber.testng.PickleWrapper,io.cucumber.testng.FeatureWrapper)[pri:0, instance:runner.testRunner@2438dcd]" started-at="2023-05-15T22:36:35 CDT" name="runScenario" description="Runs Cucumber Scenarios" data-provider="scenarios" finished-at="2023-05-15T22:36:38 CDT" duration-ms="3283" status="PASS">
          <params>
            <param index="0">
              <value>
                <![CDATA["The user is on Register Page and entered invalid user Details"]]>
              </value>
            </param>
            <param index="1">
              <value>
                <![CDATA["Optional[Register Page validation]"]]>
              </value>
            </param>
          </params>
          <reporter-output>
          </reporter-output>
        </test-method> <!-- runScenario -->
        <test-method signature="runScenario(io.cucumber.testng.PickleWrapper,io.cucumber.testng.FeatureWrapper)[pri:0, instance:runner.testRunner@2438dcd]" started-at="2023-05-15T22:36:38 CDT" name="runScenario" description="Runs Cucumber Scenarios" data-provider="scenarios" finished-at="2023-05-15T22:36:42 CDT" duration-ms="4054" status="PASS">
          <params>
            <param index="0">
              <value>
                <![CDATA["The user opens Register Page and entered valid user Details"]]>
              </value>
            </param>
            <param index="1">
              <value>
                <![CDATA["Optional[Register Page validation]"]]>
              </value>
            </param>
          </params>
          <reporter-output>
          </reporter-output>
        </test-method> <!-- runScenario -->
        <test-method signature="runScenario(io.cucumber.testng.PickleWrapper,io.cucumber.testng.FeatureWrapper)[pri:0, instance:runner.testRunner@2438dcd]" started-at="2023-05-15T22:36:42 CDT" name="runScenario" description="Runs Cucumber Scenarios" data-provider="scenarios" finished-at="2023-05-15T22:36:45 CDT" duration-ms="2536" status="PASS">
          <params>
            <param index="0">
              <value>
                <![CDATA["User logout from application after registration"]]>
              </value>
            </param>
            <param index="1">
              <value>
                <![CDATA["Optional[Register Page validation]"]]>
              </value>
            </param>
          </params>
          <reporter-output>
          </reporter-output>
        </test-method> <!-- runScenario -->
        <test-method signature="runScenario(io.cucumber.testng.PickleWrapper,io.cucumber.testng.FeatureWrapper)[pri:0, instance:runner.testRunner@2438dcd]" started-at="2023-05-15T22:36:45 CDT" name="runScenario" description="Runs Cucumber Scenarios" data-provider="scenarios" finished-at="2023-05-15T22:36:53 CDT" duration-ms="8588" status="PASS">
          <params>
            <param index="0">
              <value>
                <![CDATA["User entered invalid login details on Login Page"]]>
              </value>
            </param>
            <param index="1">
              <value>
                <![CDATA["Optional[SignIn]"]]>
              </value>
            </param>
          </params>
          <reporter-output>
          </reporter-output>
        </test-method> <!-- runScenario -->
        <test-method signature="runScenario(io.cucumber.testng.PickleWrapper,io.cucumber.testng.FeatureWrapper)[pri:0, instance:runner.testRunner@2438dcd]" started-at="2023-05-15T22:36:53 CDT" name="runScenario" description="Runs Cucumber Scenarios" data-provider="scenarios" finished-at="2023-05-15T22:37:02 CDT" duration-ms="8605" status="PASS">
          <params>
            <param index="0">
              <value>
                <![CDATA["User entered invalid login details on Login Page"]]>
              </value>
            </param>
            <param index="1">
              <value>
                <![CDATA["Optional[SignIn]"]]>
              </value>
            </param>
          </params>
          <reporter-output>
          </reporter-output>
        </test-method> <!-- runScenario -->
        <test-method signature="runScenario(io.cucumber.testng.PickleWrapper,io.cucumber.testng.FeatureWrapper)[pri:0, instance:runner.testRunner@2438dcd]" started-at="2023-05-15T22:37:02 CDT" name="runScenario" description="Runs Cucumber Scenarios" data-provider="scenarios" finished-at="2023-05-15T22:37:10 CDT" duration-ms="8464" status="PASS">
          <params>
            <param index="0">
              <value>
                <![CDATA["User entered valid login details on Login Page"]]>
              </value>
            </param>
            <param index="1">
              <value>
                <![CDATA["Optional[SignIn]"]]>
              </value>
            </param>
          </params>
          <reporter-output>
          </reporter-output>
        </test-method> <!-- runScenario -->
        <test-method signature="runScenario(io.cucumber.testng.PickleWrapper,io.cucumber.testng.FeatureWrapper)[pri:0, instance:runner.testRunner@2438dcd]" started-at="2023-05-15T22:37:10 CDT" name="runScenario" description="Runs Cucumber Scenarios" data-provider="scenarios" finished-at="2023-05-15T22:37:18 CDT" duration-ms="7187" status="PASS">
          <params>
            <param index="0">
              <value>
                <![CDATA["User entered valid login details on Login Page and logged in"]]>
              </value>
            </param>
            <param index="1">
              <value>
                <![CDATA["Optional[Data Structure Intro]"]]>
              </value>
            </param>
          </params>
          <reporter-output>
          </reporter-output>
        </test-method> <!-- runScenario -->
        <test-method signature="runScenario(io.cucumber.testng.PickleWrapper,io.cucumber.testng.FeatureWrapper)[pri:0, instance:runner.testRunner@2438dcd]" started-at="2023-05-15T22:37:18 CDT" name="runScenario" description="Runs Cucumber Scenarios" data-provider="scenarios" finished-at="2023-05-15T22:37:21 CDT" duration-ms="3817" status="PASS">
          <params>
            <param index="0">
              <value>
                <![CDATA["User navigate to Data Structure Page for selected Topic and click on Try Here button"]]>
              </value>
            </param>
            <param index="1">
              <value>
                <![CDATA["Optional[Data Structure Intro]"]]>
              </value>
            </param>
          </params>
          <reporter-output>
          </reporter-output>
        </test-method> <!-- runScenario -->
        <test-method signature="runScenario(io.cucumber.testng.PickleWrapper,io.cucumber.testng.FeatureWrapper)[pri:0, instance:runner.testRunner@2438dcd]" started-at="2023-05-15T22:37:21 CDT" name="runScenario" description="Runs Cucumber Scenarios" data-provider="scenarios" finished-at="2023-05-15T22:37:25 CDT" duration-ms="3834" status="PASS">
          <params>
            <param index="0">
              <value>
                <![CDATA["User enter valid and invalid python code in tryEditor"]]>
              </value>
            </param>
            <param index="1">
              <value>
                <![CDATA["Optional[Data Structure Intro]"]]>
              </value>
            </param>
          </params>
          <reporter-output>
          </reporter-output>
        </test-method> <!-- runScenario -->
        <test-method signature="runScenario(io.cucumber.testng.PickleWrapper,io.cucumber.testng.FeatureWrapper)[pri:0, instance:runner.testRunner@2438dcd]" started-at="2023-05-15T22:37:25 CDT" name="runScenario" description="Runs Cucumber Scenarios" data-provider="scenarios" finished-at="2023-05-15T22:37:30 CDT" duration-ms="4733" status="PASS">
          <params>
            <param index="0">
              <value>
                <![CDATA["User enter valid and invalid python code in tryEditor"]]>
              </value>
            </param>
            <param index="1">
              <value>
                <![CDATA["Optional[Data Structure Intro]"]]>
              </value>
            </param>
          </params>
          <reporter-output>
          </reporter-output>
        </test-method> <!-- runScenario -->
        <test-method signature="runScenario(io.cucumber.testng.PickleWrapper,io.cucumber.testng.FeatureWrapper)[pri:0, instance:runner.testRunner@2438dcd]" started-at="2023-05-15T22:37:30 CDT" name="runScenario" description="Runs Cucumber Scenarios" data-provider="scenarios" finished-at="2023-05-15T22:37:30 CDT" duration-ms="494" status="PASS">
          <params>
            <param index="0">
              <value>
                <![CDATA["User navigate to Data Structure from dropdown and try Practice Question Page"]]>
              </value>
            </param>
            <param index="1">
              <value>
                <![CDATA["Optional[Data Structure Intro]"]]>
              </value>
            </param>
          </params>
          <reporter-output>
          </reporter-output>
        </test-method> <!-- runScenario -->
        <test-method signature="runScenario(io.cucumber.testng.PickleWrapper,io.cucumber.testng.FeatureWrapper)[pri:0, instance:runner.testRunner@2438dcd]" started-at="2023-05-15T22:37:30 CDT" name="runScenario" description="Runs Cucumber Scenarios" data-provider="scenarios" finished-at="2023-05-15T22:37:33 CDT" duration-ms="2688" status="PASS">
          <params>
            <param index="0">
              <value>
                <![CDATA["User validate dropbox"]]>
              </value>
            </param>
            <param index="1">
              <value>
                <![CDATA["Optional[Array Page]"]]>
              </value>
            </param>
          </params>
          <reporter-output>
          </reporter-output>
        </test-method> <!-- runScenario -->
        <test-method signature="runScenario(io.cucumber.testng.PickleWrapper,io.cucumber.testng.FeatureWrapper)[pri:0, instance:runner.testRunner@2438dcd]" started-at="2023-05-15T22:37:33 CDT" name="runScenario" description="Runs Cucumber Scenarios" data-provider="scenarios" finished-at="2023-05-15T22:37:42 CDT" duration-ms="8378" status="PASS">
          <params>
            <param index="0">
              <value>
                <![CDATA["User validate ArrayPage"]]>
              </value>
            </param>
            <param index="1">
              <value>
                <![CDATA["Optional[Array Page]"]]>
              </value>
            </param>
          </params>
          <reporter-output>
          </reporter-output>
        </test-method> <!-- runScenario -->
        <test-method signature="runScenario(io.cucumber.testng.PickleWrapper,io.cucumber.testng.FeatureWrapper)[pri:0, instance:runner.testRunner@2438dcd]" started-at="2023-05-15T22:37:42 CDT" name="runScenario" description="Runs Cucumber Scenarios" data-provider="scenarios" finished-at="2023-05-15T22:37:50 CDT" duration-ms="8165" status="PASS">
          <params>
            <param index="0">
              <value>
                <![CDATA["User validate ArrayPage"]]>
              </value>
            </param>
            <param index="1">
              <value>
                <![CDATA["Optional[Array Page]"]]>
              </value>
            </param>
          </params>
          <reporter-output>
          </reporter-output>
        </test-method> <!-- runScenario -->
        <test-method signature="runScenario(io.cucumber.testng.PickleWrapper,io.cucumber.testng.FeatureWrapper)[pri:0, instance:runner.testRunner@2438dcd]" started-at="2023-05-15T22:37:50 CDT" name="runScenario" description="Runs Cucumber Scenarios" data-provider="scenarios" finished-at="2023-05-15T22:37:58 CDT" duration-ms="8210" status="PASS">
          <params>
            <param index="0">
              <value>
                <![CDATA["User validate ArrayPage"]]>
              </value>
            </param>
            <param index="1">
              <value>
                <![CDATA["Optional[Array Page]"]]>
              </value>
            </param>
          </params>
          <reporter-output>
          </reporter-output>
        </test-method> <!-- runScenario -->
        <test-method signature="runScenario(io.cucumber.testng.PickleWrapper,io.cucumber.testng.FeatureWrapper)[pri:0, instance:runner.testRunner@2438dcd]" started-at="2023-05-15T22:37:58 CDT" name="runScenario" description="Runs Cucumber Scenarios" data-provider="scenarios" finished-at="2023-05-15T22:38:06 CDT" duration-ms="8182" status="PASS">
          <params>
            <param index="0">
              <value>
                <![CDATA["User validate ArrayPage"]]>
              </value>
            </param>
            <param index="1">
              <value>
                <![CDATA["Optional[Array Page]"]]>
              </value>
            </param>
          </params>
          <reporter-output>
          </reporter-output>
        </test-method> <!-- runScenario -->
        <test-method signature="runScenario(io.cucumber.testng.PickleWrapper,io.cucumber.testng.FeatureWrapper)[pri:0, instance:runner.testRunner@2438dcd]" started-at="2023-05-15T22:38:06 CDT" name="runScenario" description="Runs Cucumber Scenarios" data-provider="scenarios" finished-at="2023-05-15T22:38:07 CDT" duration-ms="392" status="PASS">
          <params>
            <param index="0">
              <value>
                <![CDATA["PracticeQuestion Page"]]>
              </value>
            </param>
            <param index="1">
              <value>
                <![CDATA["Optional[Array Page]"]]>
              </value>
            </param>
          </params>
          <reporter-output>
          </reporter-output>
        </test-method> <!-- runScenario -->
        <test-method signature="runScenario(io.cucumber.testng.PickleWrapper,io.cucumber.testng.FeatureWrapper)[pri:0, instance:runner.testRunner@2438dcd]" started-at="2023-05-15T22:38:07 CDT" name="runScenario" description="Runs Cucumber Scenarios" data-provider="scenarios" finished-at="2023-05-15T22:38:12 CDT" duration-ms="5426" status="PASS">
          <params>
            <param index="0">
              <value>
                <![CDATA["User validate PracticeQuestion Array Page"]]>
              </value>
            </param>
            <param index="1">
              <value>
                <![CDATA["Optional[Array Page]"]]>
              </value>
            </param>
          </params>
          <reporter-output>
          </reporter-output>
        </test-method> <!-- runScenario -->
        <test-method signature="runScenario(io.cucumber.testng.PickleWrapper,io.cucumber.testng.FeatureWrapper)[pri:0, instance:runner.testRunner@2438dcd]" started-at="2023-05-15T22:38:12 CDT" name="runScenario" description="Runs Cucumber Scenarios" data-provider="scenarios" finished-at="2023-05-15T22:38:17 CDT" duration-ms="5406" status="PASS">
          <params>
            <param index="0">
              <value>
                <![CDATA["User validate PracticeQuestion Array Page"]]>
              </value>
            </param>
            <param index="1">
              <value>
                <![CDATA["Optional[Array Page]"]]>
              </value>
            </param>
          </params>
          <reporter-output>
          </reporter-output>
        </test-method> <!-- runScenario -->
        <test-method signature="runScenario(io.cucumber.testng.PickleWrapper,io.cucumber.testng.FeatureWrapper)[pri:0, instance:runner.testRunner@2438dcd]" started-at="2023-05-15T22:38:17 CDT" name="runScenario" description="Runs Cucumber Scenarios" data-provider="scenarios" finished-at="2023-05-15T22:38:23 CDT" duration-ms="5474" status="PASS">
          <params>
            <param index="0">
              <value>
                <![CDATA["User validate PracticeQuestion Array Page"]]>
              </value>
            </param>
            <param index="1">
              <value>
                <![CDATA["Optional[Array Page]"]]>
              </value>
            </param>
          </params>
          <reporter-output>
          </reporter-output>
        </test-method> <!-- runScenario -->
        <test-method signature="runScenario(io.cucumber.testng.PickleWrapper,io.cucumber.testng.FeatureWrapper)[pri:0, instance:runner.testRunner@2438dcd]" started-at="2023-05-15T22:38:23 CDT" name="runScenario" description="Runs Cucumber Scenarios" data-provider="scenarios" finished-at="2023-05-15T22:38:28 CDT" duration-ms="5493" status="PASS">
          <params>
            <param index="0">
              <value>
                <![CDATA["User validate PracticeQuestion Array Page"]]>
              </value>
            </param>
            <param index="1">
              <value>
                <![CDATA["Optional[Array Page]"]]>
              </value>
            </param>
          </params>
          <reporter-output>
          </reporter-output>
        </test-method> <!-- runScenario -->
        <test-method signature="runScenario(io.cucumber.testng.PickleWrapper,io.cucumber.testng.FeatureWrapper)[pri:0, instance:runner.testRunner@2438dcd]" started-at="2023-05-15T22:38:28 CDT" name="runScenario" description="Runs Cucumber Scenarios" data-provider="scenarios" finished-at="2023-05-15T22:38:31 CDT" duration-ms="2653" status="PASS">
          <params>
            <param index="0">
              <value>
                <![CDATA["User navigate to Linked List Page for selected Topic"]]>
              </value>
            </param>
            <param index="1">
              <value>
                <![CDATA["Optional[Linked List]"]]>
              </value>
            </param>
          </params>
          <reporter-output>
          </reporter-output>
        </test-method> <!-- runScenario -->
        <test-method signature="runScenario(io.cucumber.testng.PickleWrapper,io.cucumber.testng.FeatureWrapper)[pri:0, instance:runner.testRunner@2438dcd]" started-at="2023-05-15T22:38:31 CDT" name="runScenario" description="Runs Cucumber Scenarios" data-provider="scenarios" finished-at="2023-05-15T22:38:40 CDT" duration-ms="9280" status="PASS">
          <params>
            <param index="0">
              <value>
                <![CDATA["User click on Try Here button and enter valid and invalid python code in tryEditor for LinkedList"]]>
              </value>
            </param>
            <param index="1">
              <value>
                <![CDATA["Optional[Linked List]"]]>
              </value>
            </param>
          </params>
          <reporter-output>
          </reporter-output>
        </test-method> <!-- runScenario -->
        <test-method signature="runScenario(io.cucumber.testng.PickleWrapper,io.cucumber.testng.FeatureWrapper)[pri:0, instance:runner.testRunner@2438dcd]" started-at="2023-05-15T22:38:40 CDT" name="runScenario" description="Runs Cucumber Scenarios" data-provider="scenarios" finished-at="2023-05-15T22:38:49 CDT" duration-ms="9148" status="PASS">
          <params>
            <param index="0">
              <value>
                <![CDATA["User click on Try Here button and enter valid and invalid python code in tryEditor for LinkedList"]]>
              </value>
            </param>
            <param index="1">
              <value>
                <![CDATA["Optional[Linked List]"]]>
              </value>
            </param>
          </params>
          <reporter-output>
          </reporter-output>
        </test-method> <!-- runScenario -->
        <test-method signature="runScenario(io.cucumber.testng.PickleWrapper,io.cucumber.testng.FeatureWrapper)[pri:0, instance:runner.testRunner@2438dcd]" started-at="2023-05-15T22:38:50 CDT" name="runScenario" description="Runs Cucumber Scenarios" data-provider="scenarios" finished-at="2023-05-15T22:38:59 CDT" duration-ms="9069" status="PASS">
          <params>
            <param index="0">
              <value>
                <![CDATA["User click on Try Here button and enter valid and invalid python code in tryEditor for LinkedList"]]>
              </value>
            </param>
            <param index="1">
              <value>
                <![CDATA["Optional[Linked List]"]]>
              </value>
            </param>
          </params>
          <reporter-output>
          </reporter-output>
        </test-method> <!-- runScenario -->
        <test-method signature="runScenario(io.cucumber.testng.PickleWrapper,io.cucumber.testng.FeatureWrapper)[pri:0, instance:runner.testRunner@2438dcd]" started-at="2023-05-15T22:38:59 CDT" name="runScenario" description="Runs Cucumber Scenarios" data-provider="scenarios" finished-at="2023-05-15T22:39:08 CDT" duration-ms="9276" status="PASS">
          <params>
            <param index="0">
              <value>
                <![CDATA["User click on Try Here button and enter valid and invalid python code in tryEditor for LinkedList"]]>
              </value>
            </param>
            <param index="1">
              <value>
                <![CDATA["Optional[Linked List]"]]>
              </value>
            </param>
          </params>
          <reporter-output>
          </reporter-output>
        </test-method> <!-- runScenario -->
        <test-method signature="runScenario(io.cucumber.testng.PickleWrapper,io.cucumber.testng.FeatureWrapper)[pri:0, instance:runner.testRunner@2438dcd]" started-at="2023-05-15T22:39:08 CDT" name="runScenario" description="Runs Cucumber Scenarios" data-provider="scenarios" finished-at="2023-05-15T22:39:17 CDT" duration-ms="9174" status="PASS">
          <params>
            <param index="0">
              <value>
                <![CDATA["User click on Try Here button and enter valid and invalid python code in tryEditor for LinkedList"]]>
              </value>
            </param>
            <param index="1">
              <value>
                <![CDATA["Optional[Linked List]"]]>
              </value>
            </param>
          </params>
          <reporter-output>
          </reporter-output>
        </test-method> <!-- runScenario -->
        <test-method signature="runScenario(io.cucumber.testng.PickleWrapper,io.cucumber.testng.FeatureWrapper)[pri:0, instance:runner.testRunner@2438dcd]" started-at="2023-05-15T22:39:17 CDT" name="runScenario" description="Runs Cucumber Scenarios" data-provider="scenarios" finished-at="2023-05-15T22:39:26 CDT" duration-ms="9235" status="PASS">
          <params>
            <param index="0">
              <value>
                <![CDATA["User click on Try Here button and enter valid and invalid python code in tryEditor for LinkedList"]]>
              </value>
            </param>
            <param index="1">
              <value>
                <![CDATA["Optional[Linked List]"]]>
              </value>
            </param>
          </params>
          <reporter-output>
          </reporter-output>
        </test-method> <!-- runScenario -->
        <test-method signature="runScenario(io.cucumber.testng.PickleWrapper,io.cucumber.testng.FeatureWrapper)[pri:0, instance:runner.testRunner@2438dcd]" started-at="2023-05-15T22:39:26 CDT" name="runScenario" description="Runs Cucumber Scenarios" data-provider="scenarios" finished-at="2023-05-15T22:39:35 CDT" duration-ms="9051" status="PASS">
          <params>
            <param index="0">
              <value>
                <![CDATA["User click on Try Here button and enter valid and invalid python code in tryEditor for LinkedList"]]>
              </value>
            </param>
            <param index="1">
              <value>
                <![CDATA["Optional[Linked List]"]]>
              </value>
            </param>
          </params>
          <reporter-output>
          </reporter-output>
        </test-method> <!-- runScenario -->
        <test-method signature="runScenario(io.cucumber.testng.PickleWrapper,io.cucumber.testng.FeatureWrapper)[pri:0, instance:runner.testRunner@2438dcd]" started-at="2023-05-15T22:39:35 CDT" name="runScenario" description="Runs Cucumber Scenarios" data-provider="scenarios" finished-at="2023-05-15T22:39:36 CDT" duration-ms="378" status="PASS">
          <params>
            <param index="0">
              <value>
                <![CDATA["User navigate back to selected LinkedList Topic Page and try Practice Question Page"]]>
              </value>
            </param>
            <param index="1">
              <value>
                <![CDATA["Optional[Linked List]"]]>
              </value>
            </param>
          </params>
          <reporter-output>
          </reporter-output>
        </test-method> <!-- runScenario -->
        <test-method signature="runScenario(io.cucumber.testng.PickleWrapper,io.cucumber.testng.FeatureWrapper)[pri:0, instance:runner.testRunner@2438dcd]" started-at="2023-05-15T22:39:36 CDT" name="runScenario" description="Runs Cucumber Scenarios" data-provider="scenarios" finished-at="2023-05-15T22:39:41 CDT" duration-ms="4954" status="PASS">
          <params>
            <param index="0">
              <value>
                <![CDATA["User navigate to Stack Page for selected Topic"]]>
              </value>
            </param>
            <param index="1">
              <value>
                <![CDATA["Optional[Stack]"]]>
              </value>
            </param>
          </params>
          <reporter-output>
          </reporter-output>
        </test-method> <!-- runScenario -->
        <test-method signature="runScenario(io.cucumber.testng.PickleWrapper,io.cucumber.testng.FeatureWrapper)[pri:0, instance:runner.testRunner@2438dcd]" started-at="2023-05-15T22:39:41 CDT" name="runScenario" description="Runs Cucumber Scenarios" data-provider="scenarios" finished-at="2023-05-15T22:39:48 CDT" duration-ms="7008" status="PASS">
          <params>
            <param index="0">
              <value>
                <![CDATA["User click on Try Here button and enter valid and invalid python code in tryEditor for Stack"]]>
              </value>
            </param>
            <param index="1">
              <value>
                <![CDATA["Optional[Stack]"]]>
              </value>
            </param>
          </params>
          <reporter-output>
          </reporter-output>
        </test-method> <!-- runScenario -->
        <test-method signature="runScenario(io.cucumber.testng.PickleWrapper,io.cucumber.testng.FeatureWrapper)[pri:0, instance:runner.testRunner@2438dcd]" started-at="2023-05-15T22:39:48 CDT" name="runScenario" description="Runs Cucumber Scenarios" data-provider="scenarios" finished-at="2023-05-15T22:39:55 CDT" duration-ms="6952" status="PASS">
          <params>
            <param index="0">
              <value>
                <![CDATA["User click on Try Here button and enter valid and invalid python code in tryEditor for Stack"]]>
              </value>
            </param>
            <param index="1">
              <value>
                <![CDATA["Optional[Stack]"]]>
              </value>
            </param>
          </params>
          <reporter-output>
          </reporter-output>
        </test-method> <!-- runScenario -->
        <test-method signature="runScenario(io.cucumber.testng.PickleWrapper,io.cucumber.testng.FeatureWrapper)[pri:0, instance:runner.testRunner@2438dcd]" started-at="2023-05-15T22:39:55 CDT" name="runScenario" description="Runs Cucumber Scenarios" data-provider="scenarios" finished-at="2023-05-15T22:40:02 CDT" duration-ms="6882" status="PASS">
          <params>
            <param index="0">
              <value>
                <![CDATA["User click on Try Here button and enter valid and invalid python code in tryEditor for Stack"]]>
              </value>
            </param>
            <param index="1">
              <value>
                <![CDATA["Optional[Stack]"]]>
              </value>
            </param>
          </params>
          <reporter-output>
          </reporter-output>
        </test-method> <!-- runScenario -->
        <test-method signature="runScenario(io.cucumber.testng.PickleWrapper,io.cucumber.testng.FeatureWrapper)[pri:0, instance:runner.testRunner@2438dcd]" started-at="2023-05-15T22:40:02 CDT" name="runScenario" description="Runs Cucumber Scenarios" data-provider="scenarios" finished-at="2023-05-15T22:40:02 CDT" duration-ms="514" status="PASS">
          <params>
            <param index="0">
              <value>
                <![CDATA["User navigate back to selected Stack Topic Page and try Practice Question Page"]]>
              </value>
            </param>
            <param index="1">
              <value>
                <![CDATA["Optional[Stack]"]]>
              </value>
            </param>
          </params>
          <reporter-output>
          </reporter-output>
        </test-method> <!-- runScenario -->
        <test-method signature="runScenario(io.cucumber.testng.PickleWrapper,io.cucumber.testng.FeatureWrapper)[pri:0, instance:runner.testRunner@2438dcd]" started-at="2023-05-15T22:40:02 CDT" name="runScenario" description="Runs Cucumber Scenarios" data-provider="scenarios" finished-at="2023-05-15T22:40:07 CDT" duration-ms="4980" status="PASS">
          <params>
            <param index="0">
              <value>
                <![CDATA["User navigate to Queue Page for selected Topic and click on Try Here button"]]>
              </value>
            </param>
            <param index="1">
              <value>
                <![CDATA["Optional[Queue]"]]>
              </value>
            </param>
          </params>
          <reporter-output>
          </reporter-output>
        </test-method> <!-- runScenario -->
        <test-method signature="runScenario(io.cucumber.testng.PickleWrapper,io.cucumber.testng.FeatureWrapper)[pri:0, instance:runner.testRunner@2438dcd]" started-at="2023-05-15T22:40:07 CDT" name="runScenario" description="Runs Cucumber Scenarios" data-provider="scenarios" finished-at="2023-05-15T22:40:14 CDT" duration-ms="7194" status="PASS">
          <params>
            <param index="0">
              <value>
                <![CDATA["User click on Try Here button and enter valid and invalid python code in tryEditor for Queue"]]>
              </value>
            </param>
            <param index="1">
              <value>
                <![CDATA["Optional[Queue]"]]>
              </value>
            </param>
          </params>
          <reporter-output>
          </reporter-output>
        </test-method> <!-- runScenario -->
        <test-method signature="runScenario(io.cucumber.testng.PickleWrapper,io.cucumber.testng.FeatureWrapper)[pri:0, instance:runner.testRunner@2438dcd]" started-at="2023-05-15T22:40:14 CDT" name="runScenario" description="Runs Cucumber Scenarios" data-provider="scenarios" finished-at="2023-05-15T22:40:21 CDT" duration-ms="6950" status="PASS">
          <params>
            <param index="0">
              <value>
                <![CDATA["User click on Try Here button and enter valid and invalid python code in tryEditor for Queue"]]>
              </value>
            </param>
            <param index="1">
              <value>
                <![CDATA["Optional[Queue]"]]>
              </value>
            </param>
          </params>
          <reporter-output>
          </reporter-output>
        </test-method> <!-- runScenario -->
        <test-method signature="runScenario(io.cucumber.testng.PickleWrapper,io.cucumber.testng.FeatureWrapper)[pri:0, instance:runner.testRunner@2438dcd]" started-at="2023-05-15T22:40:21 CDT" name="runScenario" description="Runs Cucumber Scenarios" data-provider="scenarios" finished-at="2023-05-15T22:40:28 CDT" duration-ms="6954" status="PASS">
          <params>
            <param index="0">
              <value>
                <![CDATA["User click on Try Here button and enter valid and invalid python code in tryEditor for Queue"]]>
              </value>
            </param>
            <param index="1">
              <value>
                <![CDATA["Optional[Queue]"]]>
              </value>
            </param>
          </params>
          <reporter-output>
          </reporter-output>
        </test-method> <!-- runScenario -->
        <test-method signature="runScenario(io.cucumber.testng.PickleWrapper,io.cucumber.testng.FeatureWrapper)[pri:0, instance:runner.testRunner@2438dcd]" started-at="2023-05-15T22:40:28 CDT" name="runScenario" description="Runs Cucumber Scenarios" data-provider="scenarios" finished-at="2023-05-15T22:40:35 CDT" duration-ms="6859" status="PASS">
          <params>
            <param index="0">
              <value>
                <![CDATA["User click on Try Here button and enter valid and invalid python code in tryEditor for Queue"]]>
              </value>
            </param>
            <param index="1">
              <value>
                <![CDATA["Optional[Queue]"]]>
              </value>
            </param>
          </params>
          <reporter-output>
          </reporter-output>
        </test-method> <!-- runScenario -->
        <test-method signature="runScenario(io.cucumber.testng.PickleWrapper,io.cucumber.testng.FeatureWrapper)[pri:0, instance:runner.testRunner@2438dcd]" started-at="2023-05-15T22:40:35 CDT" name="runScenario" description="Runs Cucumber Scenarios" data-provider="scenarios" finished-at="2023-05-15T22:40:35 CDT" duration-ms="333" status="PASS">
          <params>
            <param index="0">
              <value>
                <![CDATA["User navigate back to selected Queue Topic Page and try Practice Question Page"]]>
              </value>
            </param>
            <param index="1">
              <value>
                <![CDATA["Optional[Queue]"]]>
              </value>
            </param>
          </params>
          <reporter-output>
          </reporter-output>
        </test-method> <!-- runScenario -->
        <test-method signature="runScenario(io.cucumber.testng.PickleWrapper,io.cucumber.testng.FeatureWrapper)[pri:0, instance:runner.testRunner@2438dcd]" started-at="2023-05-15T22:40:35 CDT" name="runScenario" description="Runs Cucumber Scenarios" data-provider="scenarios" finished-at="2023-05-15T22:40:41 CDT" duration-ms="5078" status="PASS">
          <params>
            <param index="0">
              <value>
                <![CDATA["User navigate to Tree Page for selected Topic  and click on Try Here button"]]>
              </value>
            </param>
            <param index="1">
              <value>
                <![CDATA["Optional[Tree]"]]>
              </value>
            </param>
          </params>
          <reporter-output>
          </reporter-output>
        </test-method> <!-- runScenario -->
        <test-method signature="runScenario(io.cucumber.testng.PickleWrapper,io.cucumber.testng.FeatureWrapper)[pri:0, instance:runner.testRunner@2438dcd]" started-at="2023-05-15T22:40:41 CDT" name="runScenario" description="Runs Cucumber Scenarios" data-provider="scenarios" finished-at="2023-05-15T22:40:48 CDT" duration-ms="7119" status="PASS">
          <params>
            <param index="0">
              <value>
                <![CDATA["User click on Try Here button and enter valid and invalid python code in tryEditor for Tree"]]>
              </value>
            </param>
            <param index="1">
              <value>
                <![CDATA["Optional[Tree]"]]>
              </value>
            </param>
          </params>
          <reporter-output>
          </reporter-output>
        </test-method> <!-- runScenario -->
        <test-method signature="runScenario(io.cucumber.testng.PickleWrapper,io.cucumber.testng.FeatureWrapper)[pri:0, instance:runner.testRunner@2438dcd]" started-at="2023-05-15T22:40:48 CDT" name="runScenario" description="Runs Cucumber Scenarios" data-provider="scenarios" finished-at="2023-05-15T22:40:54 CDT" duration-ms="6822" status="PASS">
          <params>
            <param index="0">
              <value>
                <![CDATA["User click on Try Here button and enter valid and invalid python code in tryEditor for Tree"]]>
              </value>
            </param>
            <param index="1">
              <value>
                <![CDATA["Optional[Tree]"]]>
              </value>
            </param>
          </params>
          <reporter-output>
          </reporter-output>
        </test-method> <!-- runScenario -->
        <test-method signature="runScenario(io.cucumber.testng.PickleWrapper,io.cucumber.testng.FeatureWrapper)[pri:0, instance:runner.testRunner@2438dcd]" started-at="2023-05-15T22:40:54 CDT" name="runScenario" description="Runs Cucumber Scenarios" data-provider="scenarios" finished-at="2023-05-15T22:41:01 CDT" duration-ms="6971" status="PASS">
          <params>
            <param index="0">
              <value>
                <![CDATA["User click on Try Here button and enter valid and invalid python code in tryEditor for Tree"]]>
              </value>
            </param>
            <param index="1">
              <value>
                <![CDATA["Optional[Tree]"]]>
              </value>
            </param>
          </params>
          <reporter-output>
          </reporter-output>
        </test-method> <!-- runScenario -->
        <test-method signature="runScenario(io.cucumber.testng.PickleWrapper,io.cucumber.testng.FeatureWrapper)[pri:0, instance:runner.testRunner@2438dcd]" started-at="2023-05-15T22:41:01 CDT" name="runScenario" description="Runs Cucumber Scenarios" data-provider="scenarios" finished-at="2023-05-15T22:41:09 CDT" duration-ms="7224" status="PASS">
          <params>
            <param index="0">
              <value>
                <![CDATA["User click on Try Here button and enter valid and invalid python code in tryEditor for Tree"]]>
              </value>
            </param>
            <param index="1">
              <value>
                <![CDATA["Optional[Tree]"]]>
              </value>
            </param>
          </params>
          <reporter-output>
          </reporter-output>
        </test-method> <!-- runScenario -->
        <test-method signature="runScenario(io.cucumber.testng.PickleWrapper,io.cucumber.testng.FeatureWrapper)[pri:0, instance:runner.testRunner@2438dcd]" started-at="2023-05-15T22:41:09 CDT" name="runScenario" description="Runs Cucumber Scenarios" data-provider="scenarios" finished-at="2023-05-15T22:41:16 CDT" duration-ms="7101" status="PASS">
          <params>
            <param index="0">
              <value>
                <![CDATA["User click on Try Here button and enter valid and invalid python code in tryEditor for Tree"]]>
              </value>
            </param>
            <param index="1">
              <value>
                <![CDATA["Optional[Tree]"]]>
              </value>
            </param>
          </params>
          <reporter-output>
          </reporter-output>
        </test-method> <!-- runScenario -->
        <test-method signature="runScenario(io.cucumber.testng.PickleWrapper,io.cucumber.testng.FeatureWrapper)[pri:0, instance:runner.testRunner@2438dcd]" started-at="2023-05-15T22:41:16 CDT" name="runScenario" description="Runs Cucumber Scenarios" data-provider="scenarios" finished-at="2023-05-15T22:41:23 CDT" duration-ms="7004" status="PASS">
          <params>
            <param index="0">
              <value>
                <![CDATA["User click on Try Here button and enter valid and invalid python code in tryEditor for Tree"]]>
              </value>
            </param>
            <param index="1">
              <value>
                <![CDATA["Optional[Tree]"]]>
              </value>
            </param>
          </params>
          <reporter-output>
          </reporter-output>
        </test-method> <!-- runScenario -->
        <test-method signature="runScenario(io.cucumber.testng.PickleWrapper,io.cucumber.testng.FeatureWrapper)[pri:0, instance:runner.testRunner@2438dcd]" started-at="2023-05-15T22:41:23 CDT" name="runScenario" description="Runs Cucumber Scenarios" data-provider="scenarios" finished-at="2023-05-15T22:41:30 CDT" duration-ms="6856" status="PASS">
          <params>
            <param index="0">
              <value>
                <![CDATA["User click on Try Here button and enter valid and invalid python code in tryEditor for Tree"]]>
              </value>
            </param>
            <param index="1">
              <value>
                <![CDATA["Optional[Tree]"]]>
              </value>
            </param>
          </params>
          <reporter-output>
          </reporter-output>
        </test-method> <!-- runScenario -->
        <test-method signature="runScenario(io.cucumber.testng.PickleWrapper,io.cucumber.testng.FeatureWrapper)[pri:0, instance:runner.testRunner@2438dcd]" started-at="2023-05-15T22:41:30 CDT" name="runScenario" description="Runs Cucumber Scenarios" data-provider="scenarios" finished-at="2023-05-15T22:41:37 CDT" duration-ms="7156" status="PASS">
          <params>
            <param index="0">
              <value>
                <![CDATA["User click on Try Here button and enter valid and invalid python code in tryEditor for Tree"]]>
              </value>
            </param>
            <param index="1">
              <value>
                <![CDATA["Optional[Tree]"]]>
              </value>
            </param>
          </params>
          <reporter-output>
          </reporter-output>
        </test-method> <!-- runScenario -->
        <test-method signature="runScenario(io.cucumber.testng.PickleWrapper,io.cucumber.testng.FeatureWrapper)[pri:0, instance:runner.testRunner@2438dcd]" started-at="2023-05-15T22:41:37 CDT" name="runScenario" description="Runs Cucumber Scenarios" data-provider="scenarios" finished-at="2023-05-15T22:41:44 CDT" duration-ms="7127" status="PASS">
          <params>
            <param index="0">
              <value>
                <![CDATA["User click on Try Here button and enter valid and invalid python code in tryEditor for Tree"]]>
              </value>
            </param>
            <param index="1">
              <value>
                <![CDATA["Optional[Tree]"]]>
              </value>
            </param>
          </params>
          <reporter-output>
          </reporter-output>
        </test-method> <!-- runScenario -->
        <test-method signature="runScenario(io.cucumber.testng.PickleWrapper,io.cucumber.testng.FeatureWrapper)[pri:0, instance:runner.testRunner@2438dcd]" started-at="2023-05-15T22:41:44 CDT" name="runScenario" description="Runs Cucumber Scenarios" data-provider="scenarios" finished-at="2023-05-15T22:41:51 CDT" duration-ms="7160" status="PASS">
          <params>
            <param index="0">
              <value>
                <![CDATA["User click on Try Here button and enter valid and invalid python code in tryEditor for Tree"]]>
              </value>
            </param>
            <param index="1">
              <value>
                <![CDATA["Optional[Tree]"]]>
              </value>
            </param>
          </params>
          <reporter-output>
          </reporter-output>
        </test-method> <!-- runScenario -->
        <test-method signature="runScenario(io.cucumber.testng.PickleWrapper,io.cucumber.testng.FeatureWrapper)[pri:0, instance:runner.testRunner@2438dcd]" started-at="2023-05-15T22:41:51 CDT" name="runScenario" description="Runs Cucumber Scenarios" data-provider="scenarios" finished-at="2023-05-15T22:41:58 CDT" duration-ms="7114" status="PASS">
          <params>
            <param index="0">
              <value>
                <![CDATA["User click on Try Here button and enter valid and invalid python code in tryEditor for Tree"]]>
              </value>
            </param>
            <param index="1">
              <value>
                <![CDATA["Optional[Tree]"]]>
              </value>
            </param>
          </params>
          <reporter-output>
          </reporter-output>
        </test-method> <!-- runScenario -->
        <test-method signature="runScenario(io.cucumber.testng.PickleWrapper,io.cucumber.testng.FeatureWrapper)[pri:0, instance:runner.testRunner@2438dcd]" started-at="2023-05-15T22:41:58 CDT" name="runScenario" description="Runs Cucumber Scenarios" data-provider="scenarios" finished-at="2023-05-15T22:42:05 CDT" duration-ms="7138" status="PASS">
          <params>
            <param index="0">
              <value>
                <![CDATA["User click on Try Here button and enter valid and invalid python code in tryEditor for Tree"]]>
              </value>
            </param>
            <param index="1">
              <value>
                <![CDATA["Optional[Tree]"]]>
              </value>
            </param>
          </params>
          <reporter-output>
          </reporter-output>
        </test-method> <!-- runScenario -->
        <test-method signature="runScenario(io.cucumber.testng.PickleWrapper,io.cucumber.testng.FeatureWrapper)[pri:0, instance:runner.testRunner@2438dcd]" started-at="2023-05-15T22:42:05 CDT" name="runScenario" description="Runs Cucumber Scenarios" data-provider="scenarios" finished-at="2023-05-15T22:42:12 CDT" duration-ms="7025" status="PASS">
          <params>
            <param index="0">
              <value>
                <![CDATA["User click on Try Here button and enter valid and invalid python code in tryEditor for Tree"]]>
              </value>
            </param>
            <param index="1">
              <value>
                <![CDATA["Optional[Tree]"]]>
              </value>
            </param>
          </params>
          <reporter-output>
          </reporter-output>
        </test-method> <!-- runScenario -->
        <test-method signature="runScenario(io.cucumber.testng.PickleWrapper,io.cucumber.testng.FeatureWrapper)[pri:0, instance:runner.testRunner@2438dcd]" started-at="2023-05-15T22:42:12 CDT" name="runScenario" description="Runs Cucumber Scenarios" data-provider="scenarios" finished-at="2023-05-15T22:42:13 CDT" duration-ms="402" status="PASS">
          <params>
            <param index="0">
              <value>
                <![CDATA["User navigate back to selected Tree Topic Page and try Practice Question Page"]]>
              </value>
            </param>
            <param index="1">
              <value>
                <![CDATA["Optional[Tree]"]]>
              </value>
            </param>
          </params>
          <reporter-output>
          </reporter-output>
        </test-method> <!-- runScenario -->
        <test-method signature="runScenario(io.cucumber.testng.PickleWrapper,io.cucumber.testng.FeatureWrapper)[pri:0, instance:runner.testRunner@2438dcd]" started-at="2023-05-15T22:42:13 CDT" name="runScenario" description="Runs Cucumber Scenarios" data-provider="scenarios" finished-at="2023-05-15T22:42:18 CDT" duration-ms="5024" status="PASS">
          <params>
            <param index="0">
              <value>
                <![CDATA["User navigate to Graph Page for selected Topic and click on Try Here button"]]>
              </value>
            </param>
            <param index="1">
              <value>
                <![CDATA["Optional[Graph]"]]>
              </value>
            </param>
          </params>
          <reporter-output>
          </reporter-output>
        </test-method> <!-- runScenario -->
        <test-method signature="runScenario(io.cucumber.testng.PickleWrapper,io.cucumber.testng.FeatureWrapper)[pri:0, instance:runner.testRunner@2438dcd]" started-at="2023-05-15T22:42:18 CDT" name="runScenario" description="Runs Cucumber Scenarios" data-provider="scenarios" finished-at="2023-05-15T22:42:29 CDT" duration-ms="10994" status="PASS">
          <params>
            <param index="0">
              <value>
                <![CDATA["User click on Try Here button and enter valid and invalid python code in tryEditor for Graph"]]>
              </value>
            </param>
            <param index="1">
              <value>
                <![CDATA["Optional[Graph]"]]>
              </value>
            </param>
          </params>
          <reporter-output>
          </reporter-output>
        </test-method> <!-- runScenario -->
        <test-method signature="runScenario(io.cucumber.testng.PickleWrapper,io.cucumber.testng.FeatureWrapper)[pri:0, instance:runner.testRunner@2438dcd]" started-at="2023-05-15T22:42:29 CDT" name="runScenario" description="Runs Cucumber Scenarios" data-provider="scenarios" finished-at="2023-05-15T22:42:40 CDT" duration-ms="11040" status="PASS">
          <params>
            <param index="0">
              <value>
                <![CDATA["User click on Try Here button and enter valid and invalid python code in tryEditor for Graph"]]>
              </value>
            </param>
            <param index="1">
              <value>
                <![CDATA["Optional[Graph]"]]>
              </value>
            </param>
          </params>
          <reporter-output>
          </reporter-output>
        </test-method> <!-- runScenario -->
        <test-method signature="runScenario(io.cucumber.testng.PickleWrapper,io.cucumber.testng.FeatureWrapper)[pri:0, instance:runner.testRunner@2438dcd]" started-at="2023-05-15T22:42:40 CDT" name="runScenario" description="Runs Cucumber Scenarios" data-provider="scenarios" finished-at="2023-05-15T22:42:41 CDT" duration-ms="551" status="PASS">
          <params>
            <param index="0">
              <value>
                <![CDATA["User navigate back to selected Graph Topic Page and try Practice Question Page"]]>
              </value>
            </param>
            <param index="1">
              <value>
                <![CDATA["Optional[Graph]"]]>
              </value>
            </param>
          </params>
          <reporter-output>
          </reporter-output>
        </test-method> <!-- runScenario -->
        <test-method is-config="true" signature="tearDownClass()[pri:0, instance:runner.testRunner@2438dcd]" started-at="2023-05-15T22:42:41 CDT" name="tearDownClass" finished-at="2023-05-15T22:42:41 CDT" duration-ms="807" status="PASS">
          <reporter-output>
          </reporter-output>
        </test-method> <!-- tearDownClass -->
      </class> <!-- runner.testRunner -->
    </test> <!-- Default test -->
  </suite> <!-- Default suite -->
</testng-results>
