<?xml version="1.0" encoding="UTF-8"?>
<testng-results ignored="0" total="69" passed="69" failed="0" skipped="0">
  <reporter-output>
  </reporter-output>
  <suite started-at="2023-05-15T20:20:50 CDT" name="Default suite" finished-at="2023-05-15T20:27:33 CDT" duration-ms="403148">
    <groups>
      <group name="cucumber">
        <method signature="AbstractTestNGCucumberTests.runScenario(io.cucumber.testng.PickleWrapper,io.cucumber.testng.FeatureWrapper)[pri:0, instance:runner.testRunner@2438dcd]" name="runScenario" class="io.cucumber.testng.AbstractTestNGCucumberTests"/>
      </group> <!-- cucumber -->
    </groups>
    <test started-at="2023-05-15T20:20:50 CDT" name="Default test" finished-at="2023-05-15T20:27:33 CDT" duration-ms="403148">
      <class name="runner.testRunner">
        <test-method is-config="true" signature="setUpClass(org.testng.ITestContext)[pri:0, instance:runner.testRunner@2438dcd]" started-at="2023-05-15T20:20:50 CDT" name="setUpClass" finished-at="2023-05-15T20:20:52 CDT" duration-ms="1492" status="PASS">
          <params>
            <param index="0">
              <value>
                <![CDATA[org.testng.TestRunner@4096a622]]>
              </value>
            </param>
          </params>
          <reporter-output>
          </reporter-output>
        </test-method> <!-- setUpClass -->
        <test-method signature="runScenario(io.cucumber.testng.PickleWrapper,io.cucumber.testng.FeatureWrapper)[pri:0, instance:runner.testRunner@2438dcd]" started-at="2023-05-15T20:20:52 CDT" name="runScenario" description="Runs Cucumber Scenarios" data-provider="scenarios" finished-at="2023-05-15T20:21:00 CDT" duration-ms="7922" status="PASS">
          <params>
            <param index="0">
              <value>
                <![CDATA["User launch Start page of an dsalgo project"]]>
              </value>
            </param>
            <param index="1">
              <value>
                <![CDATA["Optional[GetStart Page]"]]>
              </value>
            </param>
          </params>
          <reporter-output>
          </reporter-output>
        </test-method> <!-- runScenario -->
        <test-method signature="runScenario(io.cucumber.testng.PickleWrapper,io.cucumber.testng.FeatureWrapper)[pri:0, instance:runner.testRunner@2438dcd]" started-at="2023-05-15T20:21:00 CDT" name="runScenario" description="Runs Cucumber Scenarios" data-provider="scenarios" finished-at="2023-05-15T20:21:04 CDT" duration-ms="4488" status="PASS">
          <params>
            <param index="0">
              <value>
                <![CDATA["User is on Home page and click getstarted link/dropbox on  home page without sign in"]]>
              </value>
            </param>
            <param index="1">
              <value>
                <![CDATA["Optional[Home Page]"]]>
              </value>
            </param>
          </params>
          <reporter-output>
          </reporter-output>
        </test-method> <!-- runScenario -->
        <test-method signature="runScenario(io.cucumber.testng.PickleWrapper,io.cucumber.testng.FeatureWrapper)[pri:0, instance:runner.testRunner@2438dcd]" started-at="2023-05-15T20:21:04 CDT" name="runScenario" description="Runs Cucumber Scenarios" data-provider="scenarios" finished-at="2023-05-15T20:21:08 CDT" duration-ms="3745" status="PASS">
          <params>
            <param index="0">
              <value>
                <![CDATA["User click register button on Home page"]]>
              </value>
            </param>
            <param index="1">
              <value>
                <![CDATA["Optional[Register Page validation]"]]>
              </value>
            </param>
          </params>
          <reporter-output>
          </reporter-output>
        </test-method> <!-- runScenario -->
        <test-method signature="runScenario(io.cucumber.testng.PickleWrapper,io.cucumber.testng.FeatureWrapper)[pri:0, instance:runner.testRunner@2438dcd]" started-at="2023-05-15T20:21:08 CDT" name="runScenario" description="Runs Cucumber Scenarios" data-provider="scenarios" finished-at="2023-05-15T20:21:10 CDT" duration-ms="1882" status="PASS">
          <params>
            <param index="0">
              <value>
                <![CDATA["User click register button with all fields blank"]]>
              </value>
            </param>
            <param index="1">
              <value>
                <![CDATA["Optional[Register Page validation]"]]>
              </value>
            </param>
          </params>
          <reporter-output>
          </reporter-output>
        </test-method> <!-- runScenario -->
        <test-method signature="runScenario(io.cucumber.testng.PickleWrapper,io.cucumber.testng.FeatureWrapper)[pri:0, instance:runner.testRunner@2438dcd]" started-at="2023-05-15T20:21:10 CDT" name="runScenario" description="Runs Cucumber Scenarios" data-provider="scenarios" finished-at="2023-05-15T20:21:12 CDT" duration-ms="1999" status="PASS">
          <params>
            <param index="0">
              <value>
                <![CDATA["User click on register button with Password field blank"]]>
              </value>
            </param>
            <param index="1">
              <value>
                <![CDATA["Optional[Register Page validation]"]]>
              </value>
            </param>
          </params>
          <reporter-output>
          </reporter-output>
        </test-method> <!-- runScenario -->
        <test-method signature="runScenario(io.cucumber.testng.PickleWrapper,io.cucumber.testng.FeatureWrapper)[pri:0, instance:runner.testRunner@2438dcd]" started-at="2023-05-15T20:21:12 CDT" name="runScenario" description="Runs Cucumber Scenarios" data-provider="scenarios" finished-at="2023-05-15T20:21:14 CDT" duration-ms="2067" status="PASS">
          <params>
            <param index="0">
              <value>
                <![CDATA["User click on register button with valid Username & Password and confirm Password field as blank"]]>
              </value>
            </param>
            <param index="1">
              <value>
                <![CDATA["Optional[Register Page validation]"]]>
              </value>
            </param>
          </params>
          <reporter-output>
          </reporter-output>
        </test-method> <!-- runScenario -->
        <test-method signature="runScenario(io.cucumber.testng.PickleWrapper,io.cucumber.testng.FeatureWrapper)[pri:0, instance:runner.testRunner@2438dcd]" started-at="2023-05-15T20:21:14 CDT" name="runScenario" description="Runs Cucumber Scenarios" data-provider="scenarios" finished-at="2023-05-15T20:21:19 CDT" duration-ms="4740" status="PASS">
          <params>
            <param index="0">
              <value>
                <![CDATA["The user is on Register Page and entered invalid user Details"]]>
              </value>
            </param>
            <param index="1">
              <value>
                <![CDATA["Optional[Register Page validation]"]]>
              </value>
            </param>
          </params>
          <reporter-output>
          </reporter-output>
        </test-method> <!-- runScenario -->
        <test-method signature="runScenario(io.cucumber.testng.PickleWrapper,io.cucumber.testng.FeatureWrapper)[pri:0, instance:runner.testRunner@2438dcd]" started-at="2023-05-15T20:21:19 CDT" name="runScenario" description="Runs Cucumber Scenarios" data-provider="scenarios" finished-at="2023-05-15T20:21:22 CDT" duration-ms="3272" status="PASS">
          <params>
            <param index="0">
              <value>
                <![CDATA["The user is on Register Page and entered invalid user Details"]]>
              </value>
            </param>
            <param index="1">
              <value>
                <![CDATA["Optional[Register Page validation]"]]>
              </value>
            </param>
          </params>
          <reporter-output>
          </reporter-output>
        </test-method> <!-- runScenario -->
        <test-method signature="runScenario(io.cucumber.testng.PickleWrapper,io.cucumber.testng.FeatureWrapper)[pri:0, instance:runner.testRunner@2438dcd]" started-at="2023-05-15T20:21:22 CDT" name="runScenario" description="Runs Cucumber Scenarios" data-provider="scenarios" finished-at="2023-05-15T20:21:25 CDT" duration-ms="3299" status="PASS">
          <params>
            <param index="0">
              <value>
                <![CDATA["The user is on Register Page and entered invalid user Details"]]>
              </value>
            </param>
            <param index="1">
              <value>
                <![CDATA["Optional[Register Page validation]"]]>
              </value>
            </param>
          </params>
          <reporter-output>
          </reporter-output>
        </test-method> <!-- runScenario -->
        <test-method signature="runScenario(io.cucumber.testng.PickleWrapper,io.cucumber.testng.FeatureWrapper)[pri:0, instance:runner.testRunner@2438dcd]" started-at="2023-05-15T20:21:25 CDT" name="runScenario" description="Runs Cucumber Scenarios" data-provider="scenarios" finished-at="2023-05-15T20:21:28 CDT" duration-ms="3223" status="PASS">
          <params>
            <param index="0">
              <value>
                <![CDATA["The user is on Register Page and entered invalid user Details"]]>
              </value>
            </param>
            <param index="1">
              <value>
                <![CDATA["Optional[Register Page validation]"]]>
              </value>
            </param>
          </params>
          <reporter-output>
          </reporter-output>
        </test-method> <!-- runScenario -->
        <test-method signature="runScenario(io.cucumber.testng.PickleWrapper,io.cucumber.testng.FeatureWrapper)[pri:0, instance:runner.testRunner@2438dcd]" started-at="2023-05-15T20:21:28 CDT" name="runScenario" description="Runs Cucumber Scenarios" data-provider="scenarios" finished-at="2023-05-15T20:21:33 CDT" duration-ms="4158" status="PASS">
          <params>
            <param index="0">
              <value>
                <![CDATA["The user opens Register Page and entered valid user Details"]]>
              </value>
            </param>
            <param index="1">
              <value>
                <![CDATA["Optional[Register Page validation]"]]>
              </value>
            </param>
          </params>
          <reporter-output>
          </reporter-output>
        </test-method> <!-- runScenario -->
        <test-method signature="runScenario(io.cucumber.testng.PickleWrapper,io.cucumber.testng.FeatureWrapper)[pri:0, instance:runner.testRunner@2438dcd]" started-at="2023-05-15T20:21:33 CDT" name="runScenario" description="Runs Cucumber Scenarios" data-provider="scenarios" finished-at="2023-05-15T20:21:35 CDT" duration-ms="2536" status="PASS">
          <params>
            <param index="0">
              <value>
                <![CDATA["User logout from application after registration"]]>
              </value>
            </param>
            <param index="1">
              <value>
                <![CDATA["Optional[Register Page validation]"]]>
              </value>
            </param>
          </params>
          <reporter-output>
          </reporter-output>
        </test-method> <!-- runScenario -->
        <test-method signature="runScenario(io.cucumber.testng.PickleWrapper,io.cucumber.testng.FeatureWrapper)[pri:0, instance:runner.testRunner@2438dcd]" started-at="2023-05-15T20:21:35 CDT" name="runScenario" description="Runs Cucumber Scenarios" data-provider="scenarios" finished-at="2023-05-15T20:21:44 CDT" duration-ms="8538" status="PASS">
          <params>
            <param index="0">
              <value>
                <![CDATA["User entered invalid login details on Login Page"]]>
              </value>
            </param>
            <param index="1">
              <value>
                <![CDATA["Optional[SignIn]"]]>
              </value>
            </param>
          </params>
          <reporter-output>
          </reporter-output>
        </test-method> <!-- runScenario -->
        <test-method signature="runScenario(io.cucumber.testng.PickleWrapper,io.cucumber.testng.FeatureWrapper)[pri:0, instance:runner.testRunner@2438dcd]" started-at="2023-05-15T20:21:44 CDT" name="runScenario" description="Runs Cucumber Scenarios" data-provider="scenarios" finished-at="2023-05-15T20:21:52 CDT" duration-ms="8506" status="PASS">
          <params>
            <param index="0">
              <value>
                <![CDATA["User entered invalid login details on Login Page"]]>
              </value>
            </param>
            <param index="1">
              <value>
                <![CDATA["Optional[SignIn]"]]>
              </value>
            </param>
          </params>
          <reporter-output>
          </reporter-output>
        </test-method> <!-- runScenario -->
        <test-method signature="runScenario(io.cucumber.testng.PickleWrapper,io.cucumber.testng.FeatureWrapper)[pri:0, instance:runner.testRunner@2438dcd]" started-at="2023-05-15T20:21:52 CDT" name="runScenario" description="Runs Cucumber Scenarios" data-provider="scenarios" finished-at="2023-05-15T20:22:01 CDT" duration-ms="8437" status="PASS">
          <params>
            <param index="0">
              <value>
                <![CDATA["User entered valid login details on Login Page"]]>
              </value>
            </param>
            <param index="1">
              <value>
                <![CDATA["Optional[SignIn]"]]>
              </value>
            </param>
          </params>
          <reporter-output>
          </reporter-output>
        </test-method> <!-- runScenario -->
        <test-method signature="runScenario(io.cucumber.testng.PickleWrapper,io.cucumber.testng.FeatureWrapper)[pri:0, instance:runner.testRunner@2438dcd]" started-at="2023-05-15T20:22:01 CDT" name="runScenario" description="Runs Cucumber Scenarios" data-provider="scenarios" finished-at="2023-05-15T20:22:08 CDT" duration-ms="7276" status="PASS">
          <params>
            <param index="0">
              <value>
                <![CDATA["User entered valid login details on Login Page and logged in"]]>
              </value>
            </param>
            <param index="1">
              <value>
                <![CDATA["Optional[Data Structure Intro]"]]>
              </value>
            </param>
          </params>
          <reporter-output>
          </reporter-output>
        </test-method> <!-- runScenario -->
        <test-method signature="runScenario(io.cucumber.testng.PickleWrapper,io.cucumber.testng.FeatureWrapper)[pri:0, instance:runner.testRunner@2438dcd]" started-at="2023-05-15T20:22:08 CDT" name="runScenario" description="Runs Cucumber Scenarios" data-provider="scenarios" finished-at="2023-05-15T20:22:12 CDT" duration-ms="3653" status="PASS">
          <params>
            <param index="0">
              <value>
                <![CDATA["User navigate to Data Structure Page for selected Topic and click on Try Here button"]]>
              </value>
            </param>
            <param index="1">
              <value>
                <![CDATA["Optional[Data Structure Intro]"]]>
              </value>
            </param>
          </params>
          <reporter-output>
          </reporter-output>
        </test-method> <!-- runScenario -->
        <test-method signature="runScenario(io.cucumber.testng.PickleWrapper,io.cucumber.testng.FeatureWrapper)[pri:0, instance:runner.testRunner@2438dcd]" started-at="2023-05-15T20:22:12 CDT" name="runScenario" description="Runs Cucumber Scenarios" data-provider="scenarios" finished-at="2023-05-15T20:22:15 CDT" duration-ms="3861" status="PASS">
          <params>
            <param index="0">
              <value>
                <![CDATA["User enter valid and invalid python code in tryEditor"]]>
              </value>
            </param>
            <param index="1">
              <value>
                <![CDATA["Optional[Data Structure Intro]"]]>
              </value>
            </param>
          </params>
          <reporter-output>
          </reporter-output>
        </test-method> <!-- runScenario -->
        <test-method signature="runScenario(io.cucumber.testng.PickleWrapper,io.cucumber.testng.FeatureWrapper)[pri:0, instance:runner.testRunner@2438dcd]" started-at="2023-05-15T20:22:15 CDT" name="runScenario" description="Runs Cucumber Scenarios" data-provider="scenarios" finished-at="2023-05-15T20:22:20 CDT" duration-ms="4731" status="PASS">
          <params>
            <param index="0">
              <value>
                <![CDATA["User enter valid and invalid python code in tryEditor"]]>
              </value>
            </param>
            <param index="1">
              <value>
                <![CDATA["Optional[Data Structure Intro]"]]>
              </value>
            </param>
          </params>
          <reporter-output>
          </reporter-output>
        </test-method> <!-- runScenario -->
        <test-method signature="runScenario(io.cucumber.testng.PickleWrapper,io.cucumber.testng.FeatureWrapper)[pri:0, instance:runner.testRunner@2438dcd]" started-at="2023-05-15T20:22:20 CDT" name="runScenario" description="Runs Cucumber Scenarios" data-provider="scenarios" finished-at="2023-05-15T20:22:21 CDT" duration-ms="622" status="PASS">
          <params>
            <param index="0">
              <value>
                <![CDATA["User navigate to Data Structure from dropdown and try Practice Question Page"]]>
              </value>
            </param>
            <param index="1">
              <value>
                <![CDATA["Optional[Data Structure Intro]"]]>
              </value>
            </param>
          </params>
          <reporter-output>
          </reporter-output>
        </test-method> <!-- runScenario -->
        <test-method signature="runScenario(io.cucumber.testng.PickleWrapper,io.cucumber.testng.FeatureWrapper)[pri:0, instance:runner.testRunner@2438dcd]" started-at="2023-05-15T20:22:21 CDT" name="runScenario" description="Runs Cucumber Scenarios" data-provider="scenarios" finished-at="2023-05-15T20:22:23 CDT" duration-ms="2535" status="PASS">
          <params>
            <param index="0">
              <value>
                <![CDATA["User validate dropbox"]]>
              </value>
            </param>
            <param index="1">
              <value>
                <![CDATA["Optional[Array Page]"]]>
              </value>
            </param>
          </params>
          <reporter-output>
          </reporter-output>
        </test-method> <!-- runScenario -->
        <test-method signature="runScenario(io.cucumber.testng.PickleWrapper,io.cucumber.testng.FeatureWrapper)[pri:0, instance:runner.testRunner@2438dcd]" started-at="2023-05-15T20:22:23 CDT" name="runScenario" description="Runs Cucumber Scenarios" data-provider="scenarios" finished-at="2023-05-15T20:22:32 CDT" duration-ms="8377" status="PASS">
          <params>
            <param index="0">
              <value>
                <![CDATA["User validate ArrayPage"]]>
              </value>
            </param>
            <param index="1">
              <value>
                <![CDATA["Optional[Array Page]"]]>
              </value>
            </param>
          </params>
          <reporter-output>
          </reporter-output>
        </test-method> <!-- runScenario -->
        <test-method signature="runScenario(io.cucumber.testng.PickleWrapper,io.cucumber.testng.FeatureWrapper)[pri:0, instance:runner.testRunner@2438dcd]" started-at="2023-05-15T20:22:32 CDT" name="runScenario" description="Runs Cucumber Scenarios" data-provider="scenarios" finished-at="2023-05-15T20:22:40 CDT" duration-ms="8253" status="PASS">
          <params>
            <param index="0">
              <value>
                <![CDATA["User validate ArrayPage"]]>
              </value>
            </param>
            <param index="1">
              <value>
                <![CDATA["Optional[Array Page]"]]>
              </value>
            </param>
          </params>
          <reporter-output>
          </reporter-output>
        </test-method> <!-- runScenario -->
        <test-method signature="runScenario(io.cucumber.testng.PickleWrapper,io.cucumber.testng.FeatureWrapper)[pri:0, instance:runner.testRunner@2438dcd]" started-at="2023-05-15T20:22:40 CDT" name="runScenario" description="Runs Cucumber Scenarios" data-provider="scenarios" finished-at="2023-05-15T20:22:48 CDT" duration-ms="8340" status="PASS">
          <params>
            <param index="0">
              <value>
                <![CDATA["User validate ArrayPage"]]>
              </value>
            </param>
            <param index="1">
              <value>
                <![CDATA["Optional[Array Page]"]]>
              </value>
            </param>
          </params>
          <reporter-output>
          </reporter-output>
        </test-method> <!-- runScenario -->
        <test-method signature="runScenario(io.cucumber.testng.PickleWrapper,io.cucumber.testng.FeatureWrapper)[pri:0, instance:runner.testRunner@2438dcd]" started-at="2023-05-15T20:22:48 CDT" name="runScenario" description="Runs Cucumber Scenarios" data-provider="scenarios" finished-at="2023-05-15T20:22:57 CDT" duration-ms="8297" status="PASS">
          <params>
            <param index="0">
              <value>
                <![CDATA["User validate ArrayPage"]]>
              </value>
            </param>
            <param index="1">
              <value>
                <![CDATA["Optional[Array Page]"]]>
              </value>
            </param>
          </params>
          <reporter-output>
          </reporter-output>
        </test-method> <!-- runScenario -->
        <test-method signature="runScenario(io.cucumber.testng.PickleWrapper,io.cucumber.testng.FeatureWrapper)[pri:0, instance:runner.testRunner@2438dcd]" started-at="2023-05-15T20:22:57 CDT" name="runScenario" description="Runs Cucumber Scenarios" data-provider="scenarios" finished-at="2023-05-15T20:22:57 CDT" duration-ms="456" status="PASS">
          <params>
            <param index="0">
              <value>
                <![CDATA["PracticeQuestion Page"]]>
              </value>
            </param>
            <param index="1">
              <value>
                <![CDATA["Optional[Array Page]"]]>
              </value>
            </param>
          </params>
          <reporter-output>
          </reporter-output>
        </test-method> <!-- runScenario -->
        <test-method signature="runScenario(io.cucumber.testng.PickleWrapper,io.cucumber.testng.FeatureWrapper)[pri:0, instance:runner.testRunner@2438dcd]" started-at="2023-05-15T20:22:57 CDT" name="runScenario" description="Runs Cucumber Scenarios" data-provider="scenarios" finished-at="2023-05-15T20:23:03 CDT" duration-ms="5476" status="PASS">
          <params>
            <param index="0">
              <value>
                <![CDATA["User validate PracticeQuestion Array Page"]]>
              </value>
            </param>
            <param index="1">
              <value>
                <![CDATA["Optional[Array Page]"]]>
              </value>
            </param>
          </params>
          <reporter-output>
          </reporter-output>
        </test-method> <!-- runScenario -->
        <test-method signature="runScenario(io.cucumber.testng.PickleWrapper,io.cucumber.testng.FeatureWrapper)[pri:0, instance:runner.testRunner@2438dcd]" started-at="2023-05-15T20:23:03 CDT" name="runScenario" description="Runs Cucumber Scenarios" data-provider="scenarios" finished-at="2023-05-15T20:23:08 CDT" duration-ms="5516" status="PASS">
          <params>
            <param index="0">
              <value>
                <![CDATA["User validate PracticeQuestion Array Page"]]>
              </value>
            </param>
            <param index="1">
              <value>
                <![CDATA["Optional[Array Page]"]]>
              </value>
            </param>
          </params>
          <reporter-output>
          </reporter-output>
        </test-method> <!-- runScenario -->
        <test-method signature="runScenario(io.cucumber.testng.PickleWrapper,io.cucumber.testng.FeatureWrapper)[pri:0, instance:runner.testRunner@2438dcd]" started-at="2023-05-15T20:23:08 CDT" name="runScenario" description="Runs Cucumber Scenarios" data-provider="scenarios" finished-at="2023-05-15T20:23:14 CDT" duration-ms="5511" status="PASS">
          <params>
            <param index="0">
              <value>
                <![CDATA["User validate PracticeQuestion Array Page"]]>
              </value>
            </param>
            <param index="1">
              <value>
                <![CDATA["Optional[Array Page]"]]>
              </value>
            </param>
          </params>
          <reporter-output>
          </reporter-output>
        </test-method> <!-- runScenario -->
        <test-method signature="runScenario(io.cucumber.testng.PickleWrapper,io.cucumber.testng.FeatureWrapper)[pri:0, instance:runner.testRunner@2438dcd]" started-at="2023-05-15T20:23:14 CDT" name="runScenario" description="Runs Cucumber Scenarios" data-provider="scenarios" finished-at="2023-05-15T20:23:19 CDT" duration-ms="5502" status="PASS">
          <params>
            <param index="0">
              <value>
                <![CDATA["User validate PracticeQuestion Array Page"]]>
              </value>
            </param>
            <param index="1">
              <value>
                <![CDATA["Optional[Array Page]"]]>
              </value>
            </param>
          </params>
          <reporter-output>
          </reporter-output>
        </test-method> <!-- runScenario -->
        <test-method signature="runScenario(io.cucumber.testng.PickleWrapper,io.cucumber.testng.FeatureWrapper)[pri:0, instance:runner.testRunner@2438dcd]" started-at="2023-05-15T20:23:19 CDT" name="runScenario" description="Runs Cucumber Scenarios" data-provider="scenarios" finished-at="2023-05-15T20:23:22 CDT" duration-ms="2672" status="PASS">
          <params>
            <param index="0">
              <value>
                <![CDATA["User navigate to Linked List Page for selected Topic"]]>
              </value>
            </param>
            <param index="1">
              <value>
                <![CDATA["Optional[Linked List]"]]>
              </value>
            </param>
          </params>
          <reporter-output>
          </reporter-output>
        </test-method> <!-- runScenario -->
        <test-method signature="runScenario(io.cucumber.testng.PickleWrapper,io.cucumber.testng.FeatureWrapper)[pri:0, instance:runner.testRunner@2438dcd]" started-at="2023-05-15T20:23:22 CDT" name="runScenario" description="Runs Cucumber Scenarios" data-provider="scenarios" finished-at="2023-05-15T20:23:31 CDT" duration-ms="9242" status="PASS">
          <params>
            <param index="0">
              <value>
                <![CDATA["User click on Try Here button and enter valid and invalid python code in tryEditor for LinkedList"]]>
              </value>
            </param>
            <param index="1">
              <value>
                <![CDATA["Optional[Linked List]"]]>
              </value>
            </param>
          </params>
          <reporter-output>
          </reporter-output>
        </test-method> <!-- runScenario -->
        <test-method signature="runScenario(io.cucumber.testng.PickleWrapper,io.cucumber.testng.FeatureWrapper)[pri:0, instance:runner.testRunner@2438dcd]" started-at="2023-05-15T20:23:31 CDT" name="runScenario" description="Runs Cucumber Scenarios" data-provider="scenarios" finished-at="2023-05-15T20:23:40 CDT" duration-ms="9178" status="PASS">
          <params>
            <param index="0">
              <value>
                <![CDATA["User click on Try Here button and enter valid and invalid python code in tryEditor for LinkedList"]]>
              </value>
            </param>
            <param index="1">
              <value>
                <![CDATA["Optional[Linked List]"]]>
              </value>
            </param>
          </params>
          <reporter-output>
          </reporter-output>
        </test-method> <!-- runScenario -->
        <test-method signature="runScenario(io.cucumber.testng.PickleWrapper,io.cucumber.testng.FeatureWrapper)[pri:0, instance:runner.testRunner@2438dcd]" started-at="2023-05-15T20:23:40 CDT" name="runScenario" description="Runs Cucumber Scenarios" data-provider="scenarios" finished-at="2023-05-15T20:23:49 CDT" duration-ms="9181" status="PASS">
          <params>
            <param index="0">
              <value>
                <![CDATA["User click on Try Here button and enter valid and invalid python code in tryEditor for LinkedList"]]>
              </value>
            </param>
            <param index="1">
              <value>
                <![CDATA["Optional[Linked List]"]]>
              </value>
            </param>
          </params>
          <reporter-output>
          </reporter-output>
        </test-method> <!-- runScenario -->
        <test-method signature="runScenario(io.cucumber.testng.PickleWrapper,io.cucumber.testng.FeatureWrapper)[pri:0, instance:runner.testRunner@2438dcd]" started-at="2023-05-15T20:23:49 CDT" name="runScenario" description="Runs Cucumber Scenarios" data-provider="scenarios" finished-at="2023-05-15T20:23:59 CDT" duration-ms="9246" status="PASS">
          <params>
            <param index="0">
              <value>
                <![CDATA["User click on Try Here button and enter valid and invalid python code in tryEditor for LinkedList"]]>
              </value>
            </param>
            <param index="1">
              <value>
                <![CDATA["Optional[Linked List]"]]>
              </value>
            </param>
          </params>
          <reporter-output>
          </reporter-output>
        </test-method> <!-- runScenario -->
        <test-method signature="runScenario(io.cucumber.testng.PickleWrapper,io.cucumber.testng.FeatureWrapper)[pri:0, instance:runner.testRunner@2438dcd]" started-at="2023-05-15T20:23:59 CDT" name="runScenario" description="Runs Cucumber Scenarios" data-provider="scenarios" finished-at="2023-05-15T20:24:08 CDT" duration-ms="9109" status="PASS">
          <params>
            <param index="0">
              <value>
                <![CDATA["User click on Try Here button and enter valid and invalid python code in tryEditor for LinkedList"]]>
              </value>
            </param>
            <param index="1">
              <value>
                <![CDATA["Optional[Linked List]"]]>
              </value>
            </param>
          </params>
          <reporter-output>
          </reporter-output>
        </test-method> <!-- runScenario -->
        <test-method signature="runScenario(io.cucumber.testng.PickleWrapper,io.cucumber.testng.FeatureWrapper)[pri:0, instance:runner.testRunner@2438dcd]" started-at="2023-05-15T20:24:08 CDT" name="runScenario" description="Runs Cucumber Scenarios" data-provider="scenarios" finished-at="2023-05-15T20:24:17 CDT" duration-ms="9079" status="PASS">
          <params>
            <param index="0">
              <value>
                <![CDATA["User click on Try Here button and enter valid and invalid python code in tryEditor for LinkedList"]]>
              </value>
            </param>
            <param index="1">
              <value>
                <![CDATA["Optional[Linked List]"]]>
              </value>
            </param>
          </params>
          <reporter-output>
          </reporter-output>
        </test-method> <!-- runScenario -->
        <test-method signature="runScenario(io.cucumber.testng.PickleWrapper,io.cucumber.testng.FeatureWrapper)[pri:0, instance:runner.testRunner@2438dcd]" started-at="2023-05-15T20:24:17 CDT" name="runScenario" description="Runs Cucumber Scenarios" data-provider="scenarios" finished-at="2023-05-15T20:24:26 CDT" duration-ms="9206" status="PASS">
          <params>
            <param index="0">
              <value>
                <![CDATA["User click on Try Here button and enter valid and invalid python code in tryEditor for LinkedList"]]>
              </value>
            </param>
            <param index="1">
              <value>
                <![CDATA["Optional[Linked List]"]]>
              </value>
            </param>
          </params>
          <reporter-output>
          </reporter-output>
        </test-method> <!-- runScenario -->
        <test-method signature="runScenario(io.cucumber.testng.PickleWrapper,io.cucumber.testng.FeatureWrapper)[pri:0, instance:runner.testRunner@2438dcd]" started-at="2023-05-15T20:24:26 CDT" name="runScenario" description="Runs Cucumber Scenarios" data-provider="scenarios" finished-at="2023-05-15T20:24:27 CDT" duration-ms="416" status="PASS">
          <params>
            <param index="0">
              <value>
                <![CDATA["User navigate back to selected LinkedList Topic Page and try Practice Question Page"]]>
              </value>
            </param>
            <param index="1">
              <value>
                <![CDATA["Optional[Linked List]"]]>
              </value>
            </param>
          </params>
          <reporter-output>
          </reporter-output>
        </test-method> <!-- runScenario -->
        <test-method signature="runScenario(io.cucumber.testng.PickleWrapper,io.cucumber.testng.FeatureWrapper)[pri:0, instance:runner.testRunner@2438dcd]" started-at="2023-05-15T20:24:27 CDT" name="runScenario" description="Runs Cucumber Scenarios" data-provider="scenarios" finished-at="2023-05-15T20:24:32 CDT" duration-ms="4999" status="PASS">
          <params>
            <param index="0">
              <value>
                <![CDATA["User navigate to Stack Page for selected Topic"]]>
              </value>
            </param>
            <param index="1">
              <value>
                <![CDATA["Optional[Stack]"]]>
              </value>
            </param>
          </params>
          <reporter-output>
          </reporter-output>
        </test-method> <!-- runScenario -->
        <test-method signature="runScenario(io.cucumber.testng.PickleWrapper,io.cucumber.testng.FeatureWrapper)[pri:0, instance:runner.testRunner@2438dcd]" started-at="2023-05-15T20:24:32 CDT" name="runScenario" description="Runs Cucumber Scenarios" data-provider="scenarios" finished-at="2023-05-15T20:24:39 CDT" duration-ms="7079" status="PASS">
          <params>
            <param index="0">
              <value>
                <![CDATA["User click on Try Here button and enter valid and invalid python code in tryEditor for Stack"]]>
              </value>
            </param>
            <param index="1">
              <value>
                <![CDATA["Optional[Stack]"]]>
              </value>
            </param>
          </params>
          <reporter-output>
          </reporter-output>
        </test-method> <!-- runScenario -->
        <test-method signature="runScenario(io.cucumber.testng.PickleWrapper,io.cucumber.testng.FeatureWrapper)[pri:0, instance:runner.testRunner@2438dcd]" started-at="2023-05-15T20:24:39 CDT" name="runScenario" description="Runs Cucumber Scenarios" data-provider="scenarios" finished-at="2023-05-15T20:24:46 CDT" duration-ms="6902" status="PASS">
          <params>
            <param index="0">
              <value>
                <![CDATA["User click on Try Here button and enter valid and invalid python code in tryEditor for Stack"]]>
              </value>
            </param>
            <param index="1">
              <value>
                <![CDATA["Optional[Stack]"]]>
              </value>
            </param>
          </params>
          <reporter-output>
          </reporter-output>
        </test-method> <!-- runScenario -->
        <test-method signature="runScenario(io.cucumber.testng.PickleWrapper,io.cucumber.testng.FeatureWrapper)[pri:0, instance:runner.testRunner@2438dcd]" started-at="2023-05-15T20:24:46 CDT" name="runScenario" description="Runs Cucumber Scenarios" data-provider="scenarios" finished-at="2023-05-15T20:24:53 CDT" duration-ms="7060" status="PASS">
          <params>
            <param index="0">
              <value>
                <![CDATA["User click on Try Here button and enter valid and invalid python code in tryEditor for Stack"]]>
              </value>
            </param>
            <param index="1">
              <value>
                <![CDATA["Optional[Stack]"]]>
              </value>
            </param>
          </params>
          <reporter-output>
          </reporter-output>
        </test-method> <!-- runScenario -->
        <test-method signature="runScenario(io.cucumber.testng.PickleWrapper,io.cucumber.testng.FeatureWrapper)[pri:0, instance:runner.testRunner@2438dcd]" started-at="2023-05-15T20:24:53 CDT" name="runScenario" description="Runs Cucumber Scenarios" data-provider="scenarios" finished-at="2023-05-15T20:24:53 CDT" duration-ms="517" status="PASS">
          <params>
            <param index="0">
              <value>
                <![CDATA["User navigate back to selected Stack Topic Page and try Practice Question Page"]]>
              </value>
            </param>
            <param index="1">
              <value>
                <![CDATA["Optional[Stack]"]]>
              </value>
            </param>
          </params>
          <reporter-output>
          </reporter-output>
        </test-method> <!-- runScenario -->
        <test-method signature="runScenario(io.cucumber.testng.PickleWrapper,io.cucumber.testng.FeatureWrapper)[pri:0, instance:runner.testRunner@2438dcd]" started-at="2023-05-15T20:24:53 CDT" name="runScenario" description="Runs Cucumber Scenarios" data-provider="scenarios" finished-at="2023-05-15T20:24:58 CDT" duration-ms="5031" status="PASS">
          <params>
            <param index="0">
              <value>
                <![CDATA["User navigate to Queue Page for selected Topic and click on Try Here button"]]>
              </value>
            </param>
            <param index="1">
              <value>
                <![CDATA["Optional[Queue]"]]>
              </value>
            </param>
          </params>
          <reporter-output>
          </reporter-output>
        </test-method> <!-- runScenario -->
        <test-method signature="runScenario(io.cucumber.testng.PickleWrapper,io.cucumber.testng.FeatureWrapper)[pri:0, instance:runner.testRunner@2438dcd]" started-at="2023-05-15T20:24:58 CDT" name="runScenario" description="Runs Cucumber Scenarios" data-provider="scenarios" finished-at="2023-05-15T20:25:05 CDT" duration-ms="6965" status="PASS">
          <params>
            <param index="0">
              <value>
                <![CDATA["User click on Try Here button and enter valid and invalid python code in tryEditor for Queue"]]>
              </value>
            </param>
            <param index="1">
              <value>
                <![CDATA["Optional[Queue]"]]>
              </value>
            </param>
          </params>
          <reporter-output>
          </reporter-output>
        </test-method> <!-- runScenario -->
        <test-method signature="runScenario(io.cucumber.testng.PickleWrapper,io.cucumber.testng.FeatureWrapper)[pri:0, instance:runner.testRunner@2438dcd]" started-at="2023-05-15T20:25:05 CDT" name="runScenario" description="Runs Cucumber Scenarios" data-provider="scenarios" finished-at="2023-05-15T20:25:12 CDT" duration-ms="7130" status="PASS">
          <params>
            <param index="0">
              <value>
                <![CDATA["User click on Try Here button and enter valid and invalid python code in tryEditor for Queue"]]>
              </value>
            </param>
            <param index="1">
              <value>
                <![CDATA["Optional[Queue]"]]>
              </value>
            </param>
          </params>
          <reporter-output>
          </reporter-output>
        </test-method> <!-- runScenario -->
        <test-method signature="runScenario(io.cucumber.testng.PickleWrapper,io.cucumber.testng.FeatureWrapper)[pri:0, instance:runner.testRunner@2438dcd]" started-at="2023-05-15T20:25:12 CDT" name="runScenario" description="Runs Cucumber Scenarios" data-provider="scenarios" finished-at="2023-05-15T20:25:19 CDT" duration-ms="7115" status="PASS">
          <params>
            <param index="0">
              <value>
                <![CDATA["User click on Try Here button and enter valid and invalid python code in tryEditor for Queue"]]>
              </value>
            </param>
            <param index="1">
              <value>
                <![CDATA["Optional[Queue]"]]>
              </value>
            </param>
          </params>
          <reporter-output>
          </reporter-output>
        </test-method> <!-- runScenario -->
        <test-method signature="runScenario(io.cucumber.testng.PickleWrapper,io.cucumber.testng.FeatureWrapper)[pri:0, instance:runner.testRunner@2438dcd]" started-at="2023-05-15T20:25:19 CDT" name="runScenario" description="Runs Cucumber Scenarios" data-provider="scenarios" finished-at="2023-05-15T20:25:26 CDT" duration-ms="6909" status="PASS">
          <params>
            <param index="0">
              <value>
                <![CDATA["User click on Try Here button and enter valid and invalid python code in tryEditor for Queue"]]>
              </value>
            </param>
            <param index="1">
              <value>
                <![CDATA["Optional[Queue]"]]>
              </value>
            </param>
          </params>
          <reporter-output>
          </reporter-output>
        </test-method> <!-- runScenario -->
        <test-method signature="runScenario(io.cucumber.testng.PickleWrapper,io.cucumber.testng.FeatureWrapper)[pri:0, instance:runner.testRunner@2438dcd]" started-at="2023-05-15T20:25:26 CDT" name="runScenario" description="Runs Cucumber Scenarios" data-provider="scenarios" finished-at="2023-05-15T20:25:27 CDT" duration-ms="321" status="PASS">
          <params>
            <param index="0">
              <value>
                <![CDATA["User navigate back to selected Queue Topic Page and try Practice Question Page"]]>
              </value>
            </param>
            <param index="1">
              <value>
                <![CDATA["Optional[Queue]"]]>
              </value>
            </param>
          </params>
          <reporter-output>
          </reporter-output>
        </test-method> <!-- runScenario -->
        <test-method signature="runScenario(io.cucumber.testng.PickleWrapper,io.cucumber.testng.FeatureWrapper)[pri:0, instance:runner.testRunner@2438dcd]" started-at="2023-05-15T20:25:27 CDT" name="runScenario" description="Runs Cucumber Scenarios" data-provider="scenarios" finished-at="2023-05-15T20:25:32 CDT" duration-ms="4973" status="PASS">
          <params>
            <param index="0">
              <value>
                <![CDATA["User navigate to Tree Page for selected Topic  and click on Try Here button"]]>
              </value>
            </param>
            <param index="1">
              <value>
                <![CDATA["Optional[Tree]"]]>
              </value>
            </param>
          </params>
          <reporter-output>
          </reporter-output>
        </test-method> <!-- runScenario -->
        <test-method signature="runScenario(io.cucumber.testng.PickleWrapper,io.cucumber.testng.FeatureWrapper)[pri:0, instance:runner.testRunner@2438dcd]" started-at="2023-05-15T20:25:32 CDT" name="runScenario" description="Runs Cucumber Scenarios" data-provider="scenarios" finished-at="2023-05-15T20:25:39 CDT" duration-ms="7112" status="PASS">
          <params>
            <param index="0">
              <value>
                <![CDATA["User click on Try Here button and enter valid and invalid python code in tryEditor for Tree"]]>
              </value>
            </param>
            <param index="1">
              <value>
                <![CDATA["Optional[Tree]"]]>
              </value>
            </param>
          </params>
          <reporter-output>
          </reporter-output>
        </test-method> <!-- runScenario -->
        <test-method signature="runScenario(io.cucumber.testng.PickleWrapper,io.cucumber.testng.FeatureWrapper)[pri:0, instance:runner.testRunner@2438dcd]" started-at="2023-05-15T20:25:39 CDT" name="runScenario" description="Runs Cucumber Scenarios" data-provider="scenarios" finished-at="2023-05-15T20:25:46 CDT" duration-ms="6936" status="PASS">
          <params>
            <param index="0">
              <value>
                <![CDATA["User click on Try Here button and enter valid and invalid python code in tryEditor for Tree"]]>
              </value>
            </param>
            <param index="1">
              <value>
                <![CDATA["Optional[Tree]"]]>
              </value>
            </param>
          </params>
          <reporter-output>
          </reporter-output>
        </test-method> <!-- runScenario -->
        <test-method signature="runScenario(io.cucumber.testng.PickleWrapper,io.cucumber.testng.FeatureWrapper)[pri:0, instance:runner.testRunner@2438dcd]" started-at="2023-05-15T20:25:46 CDT" name="runScenario" description="Runs Cucumber Scenarios" data-provider="scenarios" finished-at="2023-05-15T20:25:53 CDT" duration-ms="6987" status="PASS">
          <params>
            <param index="0">
              <value>
                <![CDATA["User click on Try Here button and enter valid and invalid python code in tryEditor for Tree"]]>
              </value>
            </param>
            <param index="1">
              <value>
                <![CDATA["Optional[Tree]"]]>
              </value>
            </param>
          </params>
          <reporter-output>
          </reporter-output>
        </test-method> <!-- runScenario -->
        <test-method signature="runScenario(io.cucumber.testng.PickleWrapper,io.cucumber.testng.FeatureWrapper)[pri:0, instance:runner.testRunner@2438dcd]" started-at="2023-05-15T20:25:53 CDT" name="runScenario" description="Runs Cucumber Scenarios" data-provider="scenarios" finished-at="2023-05-15T20:26:00 CDT" duration-ms="7117" status="PASS">
          <params>
            <param index="0">
              <value>
                <![CDATA["User click on Try Here button and enter valid and invalid python code in tryEditor for Tree"]]>
              </value>
            </param>
            <param index="1">
              <value>
                <![CDATA["Optional[Tree]"]]>
              </value>
            </param>
          </params>
          <reporter-output>
          </reporter-output>
        </test-method> <!-- runScenario -->
        <test-method signature="runScenario(io.cucumber.testng.PickleWrapper,io.cucumber.testng.FeatureWrapper)[pri:0, instance:runner.testRunner@2438dcd]" started-at="2023-05-15T20:26:00 CDT" name="runScenario" description="Runs Cucumber Scenarios" data-provider="scenarios" finished-at="2023-05-15T20:26:07 CDT" duration-ms="7282" status="PASS">
          <params>
            <param index="0">
              <value>
                <![CDATA["User click on Try Here button and enter valid and invalid python code in tryEditor for Tree"]]>
              </value>
            </param>
            <param index="1">
              <value>
                <![CDATA["Optional[Tree]"]]>
              </value>
            </param>
          </params>
          <reporter-output>
          </reporter-output>
        </test-method> <!-- runScenario -->
        <test-method signature="runScenario(io.cucumber.testng.PickleWrapper,io.cucumber.testng.FeatureWrapper)[pri:0, instance:runner.testRunner@2438dcd]" started-at="2023-05-15T20:26:07 CDT" name="runScenario" description="Runs Cucumber Scenarios" data-provider="scenarios" finished-at="2023-05-15T20:26:14 CDT" duration-ms="7110" status="PASS">
          <params>
            <param index="0">
              <value>
                <![CDATA["User click on Try Here button and enter valid and invalid python code in tryEditor for Tree"]]>
              </value>
            </param>
            <param index="1">
              <value>
                <![CDATA["Optional[Tree]"]]>
              </value>
            </param>
          </params>
          <reporter-output>
          </reporter-output>
        </test-method> <!-- runScenario -->
        <test-method signature="runScenario(io.cucumber.testng.PickleWrapper,io.cucumber.testng.FeatureWrapper)[pri:0, instance:runner.testRunner@2438dcd]" started-at="2023-05-15T20:26:14 CDT" name="runScenario" description="Runs Cucumber Scenarios" data-provider="scenarios" finished-at="2023-05-15T20:26:21 CDT" duration-ms="6939" status="PASS">
          <params>
            <param index="0">
              <value>
                <![CDATA["User click on Try Here button and enter valid and invalid python code in tryEditor for Tree"]]>
              </value>
            </param>
            <param index="1">
              <value>
                <![CDATA["Optional[Tree]"]]>
              </value>
            </param>
          </params>
          <reporter-output>
          </reporter-output>
        </test-method> <!-- runScenario -->
        <test-method signature="runScenario(io.cucumber.testng.PickleWrapper,io.cucumber.testng.FeatureWrapper)[pri:0, instance:runner.testRunner@2438dcd]" started-at="2023-05-15T20:26:21 CDT" name="runScenario" description="Runs Cucumber Scenarios" data-provider="scenarios" finished-at="2023-05-15T20:26:28 CDT" duration-ms="7135" status="PASS">
          <params>
            <param index="0">
              <value>
                <![CDATA["User click on Try Here button and enter valid and invalid python code in tryEditor for Tree"]]>
              </value>
            </param>
            <param index="1">
              <value>
                <![CDATA["Optional[Tree]"]]>
              </value>
            </param>
          </params>
          <reporter-output>
          </reporter-output>
        </test-method> <!-- runScenario -->
        <test-method signature="runScenario(io.cucumber.testng.PickleWrapper,io.cucumber.testng.FeatureWrapper)[pri:0, instance:runner.testRunner@2438dcd]" started-at="2023-05-15T20:26:28 CDT" name="runScenario" description="Runs Cucumber Scenarios" data-provider="scenarios" finished-at="2023-05-15T20:26:35 CDT" duration-ms="6998" status="PASS">
          <params>
            <param index="0">
              <value>
                <![CDATA["User click on Try Here button and enter valid and invalid python code in tryEditor for Tree"]]>
              </value>
            </param>
            <param index="1">
              <value>
                <![CDATA["Optional[Tree]"]]>
              </value>
            </param>
          </params>
          <reporter-output>
          </reporter-output>
        </test-method> <!-- runScenario -->
        <test-method signature="runScenario(io.cucumber.testng.PickleWrapper,io.cucumber.testng.FeatureWrapper)[pri:0, instance:runner.testRunner@2438dcd]" started-at="2023-05-15T20:26:35 CDT" name="runScenario" description="Runs Cucumber Scenarios" data-provider="scenarios" finished-at="2023-05-15T20:26:43 CDT" duration-ms="7294" status="PASS">
          <params>
            <param index="0">
              <value>
                <![CDATA["User click on Try Here button and enter valid and invalid python code in tryEditor for Tree"]]>
              </value>
            </param>
            <param index="1">
              <value>
                <![CDATA["Optional[Tree]"]]>
              </value>
            </param>
          </params>
          <reporter-output>
          </reporter-output>
        </test-method> <!-- runScenario -->
        <test-method signature="runScenario(io.cucumber.testng.PickleWrapper,io.cucumber.testng.FeatureWrapper)[pri:0, instance:runner.testRunner@2438dcd]" started-at="2023-05-15T20:26:43 CDT" name="runScenario" description="Runs Cucumber Scenarios" data-provider="scenarios" finished-at="2023-05-15T20:26:50 CDT" duration-ms="7198" status="PASS">
          <params>
            <param index="0">
              <value>
                <![CDATA["User click on Try Here button and enter valid and invalid python code in tryEditor for Tree"]]>
              </value>
            </param>
            <param index="1">
              <value>
                <![CDATA["Optional[Tree]"]]>
              </value>
            </param>
          </params>
          <reporter-output>
          </reporter-output>
        </test-method> <!-- runScenario -->
        <test-method signature="runScenario(io.cucumber.testng.PickleWrapper,io.cucumber.testng.FeatureWrapper)[pri:0, instance:runner.testRunner@2438dcd]" started-at="2023-05-15T20:26:50 CDT" name="runScenario" description="Runs Cucumber Scenarios" data-provider="scenarios" finished-at="2023-05-15T20:26:57 CDT" duration-ms="7233" status="PASS">
          <params>
            <param index="0">
              <value>
                <![CDATA["User click on Try Here button and enter valid and invalid python code in tryEditor for Tree"]]>
              </value>
            </param>
            <param index="1">
              <value>
                <![CDATA["Optional[Tree]"]]>
              </value>
            </param>
          </params>
          <reporter-output>
          </reporter-output>
        </test-method> <!-- runScenario -->
        <test-method signature="runScenario(io.cucumber.testng.PickleWrapper,io.cucumber.testng.FeatureWrapper)[pri:0, instance:runner.testRunner@2438dcd]" started-at="2023-05-15T20:26:57 CDT" name="runScenario" description="Runs Cucumber Scenarios" data-provider="scenarios" finished-at="2023-05-15T20:27:04 CDT" duration-ms="7000" status="PASS">
          <params>
            <param index="0">
              <value>
                <![CDATA["User click on Try Here button and enter valid and invalid python code in tryEditor for Tree"]]>
              </value>
            </param>
            <param index="1">
              <value>
                <![CDATA["Optional[Tree]"]]>
              </value>
            </param>
          </params>
          <reporter-output>
          </reporter-output>
        </test-method> <!-- runScenario -->
        <test-method signature="runScenario(io.cucumber.testng.PickleWrapper,io.cucumber.testng.FeatureWrapper)[pri:0, instance:runner.testRunner@2438dcd]" started-at="2023-05-15T20:27:04 CDT" name="runScenario" description="Runs Cucumber Scenarios" data-provider="scenarios" finished-at="2023-05-15T20:27:04 CDT" duration-ms="376" status="PASS">
          <params>
            <param index="0">
              <value>
                <![CDATA["User navigate back to selected Tree Topic Page and try Practice Question Page"]]>
              </value>
            </param>
            <param index="1">
              <value>
                <![CDATA["Optional[Tree]"]]>
              </value>
            </param>
          </params>
          <reporter-output>
          </reporter-output>
        </test-method> <!-- runScenario -->
        <test-method signature="runScenario(io.cucumber.testng.PickleWrapper,io.cucumber.testng.FeatureWrapper)[pri:0, instance:runner.testRunner@2438dcd]" started-at="2023-05-15T20:27:04 CDT" name="runScenario" description="Runs Cucumber Scenarios" data-provider="scenarios" finished-at="2023-05-15T20:27:10 CDT" duration-ms="5062" status="PASS">
          <params>
            <param index="0">
              <value>
                <![CDATA["User navigate to Graph Page for selected Topic and click on Try Here button"]]>
              </value>
            </param>
            <param index="1">
              <value>
                <![CDATA["Optional[Graph]"]]>
              </value>
            </param>
          </params>
          <reporter-output>
          </reporter-output>
        </test-method> <!-- runScenario -->
        <test-method signature="runScenario(io.cucumber.testng.PickleWrapper,io.cucumber.testng.FeatureWrapper)[pri:0, instance:runner.testRunner@2438dcd]" started-at="2023-05-15T20:27:10 CDT" name="runScenario" description="Runs Cucumber Scenarios" data-provider="scenarios" finished-at="2023-05-15T20:27:21 CDT" duration-ms="11209" status="PASS">
          <params>
            <param index="0">
              <value>
                <![CDATA["User click on Try Here button and enter valid and invalid python code in tryEditor for Graph"]]>
              </value>
            </param>
            <param index="1">
              <value>
                <![CDATA["Optional[Graph]"]]>
              </value>
            </param>
          </params>
          <reporter-output>
          </reporter-output>
        </test-method> <!-- runScenario -->
        <test-method signature="runScenario(io.cucumber.testng.PickleWrapper,io.cucumber.testng.FeatureWrapper)[pri:0, instance:runner.testRunner@2438dcd]" started-at="2023-05-15T20:27:21 CDT" name="runScenario" description="Runs Cucumber Scenarios" data-provider="scenarios" finished-at="2023-05-15T20:27:32 CDT" duration-ms="11123" status="PASS">
          <params>
            <param index="0">
              <value>
                <![CDATA["User click on Try Here button and enter valid and invalid python code in tryEditor for Graph"]]>
              </value>
            </param>
            <param index="1">
              <value>
                <![CDATA["Optional[Graph]"]]>
              </value>
            </param>
          </params>
          <reporter-output>
          </reporter-output>
        </test-method> <!-- runScenario -->
        <test-method signature="runScenario(io.cucumber.testng.PickleWrapper,io.cucumber.testng.FeatureWrapper)[pri:0, instance:runner.testRunner@2438dcd]" started-at="2023-05-15T20:27:32 CDT" name="runScenario" description="Runs Cucumber Scenarios" data-provider="scenarios" finished-at="2023-05-15T20:27:32 CDT" duration-ms="469" status="PASS">
          <params>
            <param index="0">
              <value>
                <![CDATA["User navigate back to selected Graph Topic Page and try Practice Question Page"]]>
              </value>
            </param>
            <param index="1">
              <value>
                <![CDATA["Optional[Graph]"]]>
              </value>
            </param>
          </params>
          <reporter-output>
          </reporter-output>
        </test-method> <!-- runScenario -->
        <test-method is-config="true" signature="tearDownClass()[pri:0, instance:runner.testRunner@2438dcd]" started-at="2023-05-15T20:27:32 CDT" name="tearDownClass" finished-at="2023-05-15T20:27:33 CDT" duration-ms="826" status="PASS">
          <reporter-output>
          </reporter-output>
        </test-method> <!-- tearDownClass -->
      </class> <!-- runner.testRunner -->
    </test> <!-- Default test -->
  </suite> <!-- Default suite -->
</testng-results>
